2016-04-27 16:26:59,490 [main] WARN  o.e.r.c.r.p.ProcessableProposalFactory - Unknown JDT proposal type 'class org.eclipse.jdt.internal.ui.text.javadoc.JavadocLinkTypeCompletionProposal' ('{@link RetrievalMethod} - javax.xml.crypto.dsig.keyinfo'). Returning original proposal instead.
2016-04-27 16:26:59,505 [main] WARN  o.e.r.c.r.p.ProcessableProposalFactory - Unknown JDT proposal type 'class org.eclipse.jdt.internal.ui.text.javadoc.JavadocLinkTypeCompletionProposal' ('{@link Retention} - java.lang.annotation'). Returning original proposal instead.
2016-04-27 16:26:59,510 [main] WARN  o.e.r.c.r.p.ProcessableProposalFactory - Unknown JDT proposal type 'class org.eclipse.jdt.internal.ui.text.javadoc.JavadocLinkTypeCompletionProposal' ('{@link RetentionPolicy} - java.lang.annotation'). Returning original proposal instead.
2016-04-27 16:27:03,967 [main] WARN  o.e.r.c.r.p.ProcessableProposalFactory - Unknown JDT proposal type 'class org.eclipse.jdt.internal.ui.text.javadoc.JavadocLinkTypeCompletionProposal' ('{@link RenderableImage} - java.awt.image.renderable'). Returning original proposal instead.
2016-04-27 16:27:03,970 [main] WARN  o.e.r.c.r.p.ProcessableProposalFactory - Unknown JDT proposal type 'class org.eclipse.jdt.internal.ui.text.javadoc.JavadocLinkTypeCompletionProposal' ('{@link READER} - javax.print.DocFlavor'). Returning original proposal instead.
2016-04-27 16:27:03,973 [main] WARN  o.e.r.c.r.p.ProcessableProposalFactory - Unknown JDT proposal type 'class org.eclipse.jdt.internal.ui.text.javadoc.JavadocLinkTypeCompletionProposal' ('{@link Redirect} - java.lang.ProcessBuilder'). Returning original proposal instead.
2016-04-27 16:27:03,976 [main] WARN  o.e.r.c.r.p.ProcessableProposalFactory - Unknown JDT proposal type 'class org.eclipse.jdt.internal.ui.text.javadoc.JavadocLinkTypeCompletionProposal' ('{@link Retention} - java.lang.annotation'). Returning original proposal instead.
2016-04-27 16:27:03,979 [main] WARN  o.e.r.c.r.p.ProcessableProposalFactory - Unknown JDT proposal type 'class org.eclipse.jdt.internal.ui.text.javadoc.JavadocLinkTypeCompletionProposal' ('{@link ResourceBundle} - java.util'). Returning original proposal instead.
2016-04-27 16:27:03,982 [main] WARN  o.e.r.c.r.p.ProcessableProposalFactory - Unknown JDT proposal type 'class org.eclipse.jdt.internal.ui.text.javadoc.JavadocLinkTypeCompletionProposal' ('{@link RelationServiceNotRegisteredException} - javax.management.relation'). Returning original proposal instead.
2016-04-27 16:27:03,984 [main] WARN  o.e.r.c.r.p.ProcessableProposalFactory - Unknown JDT proposal type 'class org.eclipse.jdt.internal.ui.text.javadoc.JavadocLinkTypeCompletionProposal' ('{@link RecursiveAction} - java.util.concurrent'). Returning original proposal instead.
2016-04-27 16:27:03,989 [main] WARN  o.e.r.c.r.p.ProcessableProposalFactory - Unknown JDT proposal type 'class org.eclipse.jdt.internal.ui.text.javadoc.JavadocLinkTypeCompletionProposal' ('{@link Repeatable} - java.lang.annotation'). Returning original proposal instead.
2016-04-27 16:27:03,993 [main] WARN  o.e.r.c.r.p.ProcessableProposalFactory - Unknown JDT proposal type 'class org.eclipse.jdt.internal.ui.text.javadoc.JavadocLinkTypeCompletionProposal' ('{@link RemarshalException} - org.omg.CORBA.portable'). Returning original proposal instead.
2016-04-27 16:27:03,995 [main] WARN  o.e.r.c.r.p.ProcessableProposalFactory - Unknown JDT proposal type 'class org.eclipse.jdt.internal.ui.text.javadoc.JavadocLinkTypeCompletionProposal' ('{@link Resource} - javax.annotation'). Returning original proposal instead.
2016-04-27 16:27:03,998 [main] WARN  o.e.r.c.r.p.ProcessableProposalFactory - Unknown JDT proposal type 'class org.eclipse.jdt.internal.ui.text.javadoc.JavadocLinkTypeCompletionProposal' ('{@link ReverbType} - javax.sound.sampled'). Returning original proposal instead.
2016-04-27 16:27:04,001 [main] WARN  o.e.r.c.r.p.ProcessableProposalFactory - Unknown JDT proposal type 'class org.eclipse.jdt.internal.ui.text.javadoc.JavadocLinkTypeCompletionProposal' ('{@link Region} - javax.swing.plaf.synth'). Returning original proposal instead.
2016-04-27 16:27:04,004 [main] WARN  o.e.r.c.r.p.ProcessableProposalFactory - Unknown JDT proposal type 'class org.eclipse.jdt.internal.ui.text.javadoc.JavadocLinkTypeCompletionProposal' ('{@link Reference} - javax.xml.crypto.dsig'). Returning original proposal instead.
2016-04-27 16:27:04,007 [main] WARN  o.e.r.c.r.p.ProcessableProposalFactory - Unknown JDT proposal type 'class org.eclipse.jdt.internal.ui.text.javadoc.JavadocLinkTypeCompletionProposal' ('{@link RemoteObject} - java.rmi.server'). Returning original proposal instead.
2016-04-27 16:27:04,010 [main] WARN  o.e.r.c.r.p.ProcessableProposalFactory - Unknown JDT proposal type 'class org.eclipse.jdt.internal.ui.text.javadoc.JavadocLinkTypeCompletionProposal' ('{@link ReflectPermission} - java.lang.reflect'). Returning original proposal instead.
2016-04-27 16:27:04,013 [main] WARN  o.e.r.c.r.p.ProcessableProposalFactory - Unknown JDT proposal type 'class org.eclipse.jdt.internal.ui.text.javadoc.JavadocLinkTypeCompletionProposal' ('{@link Result} - javax.naming.spi.DirStateFactory'). Returning original proposal instead.
2016-04-27 16:27:04,015 [main] WARN  o.e.r.c.r.p.ProcessableProposalFactory - Unknown JDT proposal type 'class org.eclipse.jdt.internal.ui.text.javadoc.JavadocLinkTypeCompletionProposal' ('{@link RespectBinding} - javax.xml.ws'). Returning original proposal instead.
2016-04-27 16:27:04,020 [main] WARN  o.e.r.c.r.p.ProcessableProposalFactory - Unknown JDT proposal type 'class org.eclipse.jdt.internal.ui.text.javadoc.JavadocLinkTypeCompletionProposal' ('{@link ResponseHandler} - org.omg.CORBA.portable'). Returning original proposal instead.
2016-04-27 16:27:04,022 [main] WARN  o.e.r.c.r.p.ProcessableProposalFactory - Unknown JDT proposal type 'class org.eclipse.jdt.internal.ui.text.javadoc.JavadocLinkTypeCompletionProposal' ('{@link RectangularShape} - java.awt.geom'). Returning original proposal instead.
2016-04-27 16:27:04,025 [main] WARN  o.e.r.c.r.p.ProcessableProposalFactory - Unknown JDT proposal type 'class org.eclipse.jdt.internal.ui.text.javadoc.JavadocLinkTypeCompletionProposal' ('{@link ResolverStyle} - java.time.format'). Returning original proposal instead.
2016-04-27 16:27:04,027 [main] WARN  o.e.r.c.r.p.ProcessableProposalFactory - Unknown JDT proposal type 'class org.eclipse.jdt.internal.ui.text.javadoc.JavadocLinkTypeCompletionProposal' ('{@link RepositoryIdHelper} - org.omg.CORBA'). Returning original proposal instead.
2016-04-27 16:27:04,030 [main] WARN  o.e.r.c.r.p.ProcessableProposalFactory - Unknown JDT proposal type 'class org.eclipse.jdt.internal.ui.text.javadoc.JavadocLinkTypeCompletionProposal' ('{@link RenderedImageFactory} - java.awt.image.renderable'). Returning original proposal instead.
2016-04-27 16:27:04,033 [main] WARN  o.e.r.c.r.p.ProcessableProposalFactory - Unknown JDT proposal type 'class org.eclipse.jdt.internal.ui.text.javadoc.JavadocLinkTypeCompletionProposal' ('{@link RelationSupport} - javax.management.relation'). Returning original proposal instead.
2016-04-27 16:27:04,036 [main] WARN  o.e.r.c.r.p.ProcessableProposalFactory - Unknown JDT proposal type 'class org.eclipse.jdt.internal.ui.text.javadoc.JavadocLinkTypeCompletionProposal' ('{@link ResultSetMetaData} - java.sql'). Returning original proposal instead.
2016-04-27 16:27:04,038 [main] WARN  o.e.r.c.r.p.ProcessableProposalFactory - Unknown JDT proposal type 'class org.eclipse.jdt.internal.ui.text.javadoc.JavadocLinkTypeCompletionProposal' ('{@link Request} - org.omg.CORBA'). Returning original proposal instead.
2016-04-27 16:27:04,041 [main] WARN  o.e.r.c.r.p.ProcessableProposalFactory - Unknown JDT proposal type 'class org.eclipse.jdt.internal.ui.text.javadoc.JavadocLinkTypeCompletionProposal' ('{@link RemoteServer} - java.rmi.server'). Returning original proposal instead.
2016-04-27 16:27:04,044 [main] WARN  o.e.r.c.r.p.ProcessableProposalFactory - Unknown JDT proposal type 'class org.eclipse.jdt.internal.ui.text.javadoc.JavadocLinkTypeCompletionProposal' ('{@link RenderingHints} - java.awt'). Returning original proposal instead.
2016-04-27 16:27:04,047 [main] WARN  o.e.r.c.r.p.ProcessableProposalFactory - Unknown JDT proposal type 'class org.eclipse.jdt.internal.ui.text.javadoc.JavadocLinkTypeCompletionProposal' ('{@link ReflectionException} - javax.management'). Returning original proposal instead.
2016-04-27 16:27:04,050 [main] WARN  o.e.r.c.r.p.ProcessableProposalFactory - Unknown JDT proposal type 'class org.eclipse.jdt.internal.ui.text.javadoc.JavadocLinkTypeCompletionProposal' ('{@link ResolveResult} - javax.naming.spi'). Returning original proposal instead.
2016-04-27 16:27:04,053 [main] WARN  o.e.r.c.r.p.ProcessableProposalFactory - Unknown JDT proposal type 'class org.eclipse.jdt.internal.ui.text.javadoc.JavadocLinkTypeCompletionProposal' ('{@link Resolver} - javax.naming.spi'). Returning original proposal instead.
2016-04-27 16:27:04,055 [main] WARN  o.e.r.c.r.p.ProcessableProposalFactory - Unknown JDT proposal type 'class org.eclipse.jdt.internal.ui.text.javadoc.JavadocLinkTypeCompletionProposal' ('{@link RelationNotFoundException} - javax.management.relation'). Returning original proposal instead.
2016-04-27 16:27:04,057 [main] WARN  o.e.r.c.r.p.ProcessableProposalFactory - Unknown JDT proposal type 'class org.eclipse.jdt.internal.ui.text.javadoc.JavadocLinkTypeCompletionProposal' ('{@link Reference} - java.lang.ref'). Returning original proposal instead.
2016-04-27 16:27:04,059 [main] WARN  o.e.r.c.r.p.ProcessableProposalFactory - Unknown JDT proposal type 'class org.eclipse.jdt.internal.ui.text.javadoc.JavadocLinkTypeCompletionProposal' ('{@link RecursiveTask} - java.util.concurrent'). Returning original proposal instead.
2016-04-27 16:27:04,062 [main] WARN  o.e.r.c.r.p.ProcessableProposalFactory - Unknown JDT proposal type 'class org.eclipse.jdt.internal.ui.text.javadoc.JavadocLinkTypeCompletionProposal' ('{@link ReadableByteChannel} - java.nio.channels'). Returning original proposal instead.
2016-04-27 16:27:04,064 [main] WARN  o.e.r.c.r.p.ProcessableProposalFactory - Unknown JDT proposal type 'class org.eclipse.jdt.internal.ui.text.javadoc.JavadocLinkTypeCompletionProposal' ('{@link ReferenceQueue} - java.lang.ref'). Returning original proposal instead.
2016-04-27 16:27:04,066 [main] WARN  o.e.r.c.r.p.ProcessableProposalFactory - Unknown JDT proposal type 'class org.eclipse.jdt.internal.ui.text.javadoc.JavadocLinkTypeCompletionProposal' ('{@link ReplicateScaleFilter} - java.awt.image'). Returning original proposal instead.
2016-04-27 16:27:04,068 [main] WARN  o.e.r.c.r.p.ProcessableProposalFactory - Unknown JDT proposal type 'class org.eclipse.jdt.internal.ui.text.javadoc.JavadocLinkTypeCompletionProposal' ('{@link RemoteException} - java.rmi'). Returning original proposal instead.
2016-04-27 16:27:04,071 [main] WARN  o.e.r.c.r.p.ProcessableProposalFactory - Unknown JDT proposal type 'class org.eclipse.jdt.internal.ui.text.javadoc.JavadocLinkTypeCompletionProposal' ('{@link REBIND} - org.omg.CORBA'). Returning original proposal instead.
2016-04-27 16:27:04,074 [main] WARN  o.e.r.c.r.p.ProcessableProposalFactory - Unknown JDT proposal type 'class org.eclipse.jdt.internal.ui.text.javadoc.JavadocLinkTypeCompletionProposal' ('{@link RefAddr} - javax.naming'). Returning original proposal instead.
2016-04-27 16:27:04,077 [main] WARN  o.e.r.c.r.p.ProcessableProposalFactory - Unknown JDT proposal type 'class org.eclipse.jdt.internal.ui.text.javadoc.JavadocLinkTypeCompletionProposal' ('{@link Registry} - java.rmi.registry'). Returning original proposal instead.
2016-04-27 16:27:04,080 [main] WARN  o.e.r.c.r.p.ProcessableProposalFactory - Unknown JDT proposal type 'class org.eclipse.jdt.internal.ui.text.javadoc.JavadocLinkTypeCompletionProposal' ('{@link Response} - javax.xml.ws'). Returning original proposal instead.
2016-04-27 16:27:04,083 [main] WARN  o.e.r.c.r.p.ProcessableProposalFactory - Unknown JDT proposal type 'class org.eclipse.jdt.internal.ui.text.javadoc.JavadocLinkTypeCompletionProposal' ('{@link RealmCallback} - javax.security.sasl'). Returning original proposal instead.
2016-04-27 16:27:04,086 [main] WARN  o.e.r.c.r.p.ProcessableProposalFactory - Unknown JDT proposal type 'class org.eclipse.jdt.internal.ui.text.javadoc.JavadocLinkTypeCompletionProposal' ('{@link RelationServiceMBean} - javax.management.relation'). Returning original proposal instead.
2016-04-27 16:27:04,089 [main] WARN  o.e.r.c.r.p.ProcessableProposalFactory - Unknown JDT proposal type 'class org.eclipse.jdt.internal.ui.text.javadoc.JavadocLinkTypeCompletionProposal' ('{@link RequestInfo} - org.omg.PortableInterceptor'). Returning original proposal instead.
2016-04-27 16:27:04,092 [main] WARN  o.e.r.c.r.p.ProcessableProposalFactory - Unknown JDT proposal type 'class org.eclipse.jdt.internal.ui.text.javadoc.JavadocLinkTypeCompletionProposal' ('{@link RelationNotification} - javax.management.relation'). Returning original proposal instead.
2016-04-27 16:27:04,095 [main] WARN  o.e.r.c.r.p.ProcessableProposalFactory - Unknown JDT proposal type 'class org.eclipse.jdt.internal.ui.text.javadoc.JavadocLinkTypeCompletionProposal' ('{@link ResultSet} - java.sql'). Returning original proposal instead.
2016-04-27 16:27:04,098 [main] WARN  o.e.r.c.r.p.ProcessableProposalFactory - Unknown JDT proposal type 'class org.eclipse.jdt.internal.ui.text.javadoc.JavadocLinkTypeCompletionProposal' ('{@link ReadLock} - java.util.concurrent.locks.ReentrantReadWriteLock'). Returning original proposal instead.
2016-04-27 16:27:04,100 [main] WARN  o.e.r.c.r.p.ProcessableProposalFactory - Unknown JDT proposal type 'class org.eclipse.jdt.internal.ui.text.javadoc.JavadocLinkTypeCompletionProposal' ('{@link Resources} - javax.annotation'). Returning original proposal instead.
2016-04-27 16:27:04,103 [main] WARN  o.e.r.c.r.p.ProcessableProposalFactory - Unknown JDT proposal type 'class org.eclipse.jdt.internal.ui.text.javadoc.JavadocLinkTypeCompletionProposal' ('{@link Remote} - java.rmi'). Returning original proposal instead.
2016-04-27 16:27:04,106 [main] WARN  o.e.r.c.r.p.ProcessableProposalFactory - Unknown JDT proposal type 'class org.eclipse.jdt.internal.ui.text.javadoc.JavadocLinkTypeCompletionProposal' ('{@link ReferenceUriSchemesSupported} - javax.print.attribute.standard'). Returning original proposal instead.
2016-04-27 16:27:04,109 [main] WARN  o.e.r.c.r.p.ProcessableProposalFactory - Unknown JDT proposal type 'class org.eclipse.jdt.internal.ui.text.javadoc.JavadocLinkTypeCompletionProposal' ('{@link RelationException} - javax.management.relation'). Returning original proposal instead.
2016-04-27 16:27:04,112 [main] WARN  o.e.r.c.r.p.ProcessableProposalFactory - Unknown JDT proposal type 'class org.eclipse.jdt.internal.ui.text.javadoc.JavadocLinkTypeCompletionProposal' ('{@link RequestProcessingPolicyOperations} - org.omg.PortableServer'). Returning original proposal instead.
2016-04-27 16:27:04,115 [main] WARN  o.e.r.c.r.p.ProcessableProposalFactory - Unknown JDT proposal type 'class org.eclipse.jdt.internal.ui.text.javadoc.JavadocLinkTypeCompletionProposal' ('{@link RequestorType} - java.net.Authenticator'). Returning original proposal instead.
2016-04-27 16:27:04,118 [main] WARN  o.e.r.c.r.p.ProcessableProposalFactory - Unknown JDT proposal type 'class org.eclipse.jdt.internal.ui.text.javadoc.JavadocLinkTypeCompletionProposal' ('{@link RegistryHandler} - java.rmi.registry'). Returning original proposal instead.
2016-04-27 16:27:04,120 [main] WARN  o.e.r.c.r.p.ProcessableProposalFactory - Unknown JDT proposal type 'class org.eclipse.jdt.internal.ui.text.javadoc.JavadocLinkTypeCompletionProposal' ('{@link ResponseWrapper} - javax.xml.ws'). Returning original proposal instead.
2016-04-27 16:27:04,123 [main] WARN  o.e.r.c.r.p.ProcessableProposalFactory - Unknown JDT proposal type 'class org.eclipse.jdt.internal.ui.text.javadoc.JavadocLinkTypeCompletionProposal' ('{@link RenderableImageOp} - java.awt.image.renderable'). Returning original proposal instead.
2016-04-27 16:27:04,126 [main] WARN  o.e.r.c.r.p.ProcessableProposalFactory - Unknown JDT proposal type 'class org.eclipse.jdt.internal.ui.text.javadoc.JavadocLinkTypeCompletionProposal' ('{@link ReadOnlyFileSystemException} - java.nio.file'). Returning original proposal instead.
2016-04-27 16:27:04,128 [main] WARN  o.e.r.c.r.p.ProcessableProposalFactory - Unknown JDT proposal type 'class org.eclipse.jdt.internal.ui.text.javadoc.JavadocLinkTypeCompletionProposal' ('{@link RescaleOp} - java.awt.image'). Returning original proposal instead.
2016-04-27 16:27:04,131 [main] WARN  o.e.r.c.r.p.ProcessableProposalFactory - Unknown JDT proposal type 'class org.eclipse.jdt.internal.ui.text.javadoc.JavadocLinkTypeCompletionProposal' ('{@link RespectBindingFeature} - javax.xml.ws'). Returning original proposal instead.
2016-04-27 16:27:04,134 [main] WARN  o.e.r.c.r.p.ProcessableProposalFactory - Unknown JDT proposal type 'class org.eclipse.jdt.internal.ui.text.javadoc.JavadocLinkTypeCompletionProposal' ('{@link RenderedImage} - java.awt.image'). Returning original proposal instead.
2016-04-27 16:27:04,137 [main] WARN  o.e.r.c.r.p.ProcessableProposalFactory - Unknown JDT proposal type 'class org.eclipse.jdt.internal.ui.text.javadoc.JavadocLinkTypeCompletionProposal' ('{@link RejectedExecutionException} - java.util.concurrent'). Returning original proposal instead.
2016-04-27 16:27:04,140 [main] WARN  o.e.r.c.r.p.ProcessableProposalFactory - Unknown JDT proposal type 'class org.eclipse.jdt.internal.ui.text.javadoc.JavadocLinkTypeCompletionProposal' ('{@link Ref} - java.sql'). Returning original proposal instead.
2016-04-27 16:27:04,144 [main] WARN  o.e.r.c.r.p.ProcessableProposalFactory - Unknown JDT proposal type 'class org.eclipse.jdt.internal.ui.text.javadoc.JavadocLinkTypeCompletionProposal' ('{@link Rectangle2D} - java.awt.geom'). Returning original proposal instead.
2016-04-27 16:27:04,147 [main] WARN  o.e.r.c.r.p.ProcessableProposalFactory - Unknown JDT proposal type 'class org.eclipse.jdt.internal.ui.text.javadoc.JavadocLinkTypeCompletionProposal' ('{@link RefreshFailedException} - javax.security.auth'). Returning original proposal instead.
2016-04-27 16:27:04,149 [main] WARN  o.e.r.c.r.p.ProcessableProposalFactory - Unknown JDT proposal type 'class org.eclipse.jdt.internal.ui.text.javadoc.JavadocLinkTypeCompletionProposal' ('{@link Reference} - javax.naming'). Returning original proposal instead.
2016-04-27 16:27:04,152 [main] WARN  o.e.r.c.r.p.ProcessableProposalFactory - Unknown JDT proposal type 'class org.eclipse.jdt.internal.ui.text.javadoc.JavadocLinkTypeCompletionProposal' ('{@link Renderer} - javax.swing'). Returning original proposal instead.
2016-04-27 16:27:04,155 [main] WARN  o.e.r.c.r.p.ProcessableProposalFactory - Unknown JDT proposal type 'class org.eclipse.jdt.internal.ui.text.javadoc.JavadocLinkTypeCompletionProposal' ('{@link RelationTypeSupport} - javax.management.relation'). Returning original proposal instead.
2016-04-27 16:27:04,157 [main] WARN  o.e.r.c.r.p.ProcessableProposalFactory - Unknown JDT proposal type 'class org.eclipse.jdt.internal.ui.text.javadoc.JavadocLinkTypeCompletionProposal' ('{@link RenderableImageProducer} - java.awt.image.renderable'). Returning original proposal instead.
2016-04-27 16:27:04,160 [main] WARN  o.e.r.c.r.p.ProcessableProposalFactory - Unknown JDT proposal type 'class org.eclipse.jdt.internal.ui.text.javadoc.JavadocLinkTypeCompletionProposal' ('{@link RetentionPolicy} - java.lang.annotation'). Returning original proposal instead.
2016-04-27 16:27:04,163 [main] WARN  o.e.r.c.r.p.ProcessableProposalFactory - Unknown JDT proposal type 'class org.eclipse.jdt.internal.ui.text.javadoc.JavadocLinkTypeCompletionProposal' ('{@link RelationService} - javax.management.relation'). Returning original proposal instead.
2016-04-27 16:27:04,166 [main] WARN  o.e.r.c.r.p.ProcessableProposalFactory - Unknown JDT proposal type 'class org.eclipse.jdt.internal.ui.text.javadoc.JavadocLinkTypeCompletionProposal' ('{@link RejectedExecutionHandler} - java.util.concurrent'). Returning original proposal instead.
2016-04-27 16:27:04,169 [main] WARN  o.e.r.c.r.p.ProcessableProposalFactory - Unknown JDT proposal type 'class org.eclipse.jdt.internal.ui.text.javadoc.JavadocLinkTypeCompletionProposal' ('{@link ReentrantLock} - java.util.concurrent.locks'). Returning original proposal instead.
2016-04-27 16:27:04,173 [main] WARN  o.e.r.c.r.p.ProcessableProposalFactory - Unknown JDT proposal type 'class org.eclipse.jdt.internal.ui.text.javadoc.JavadocLinkTypeCompletionProposal' ('{@link Rectangle} - java.awt'). Returning original proposal instead.
2016-04-27 16:27:04,175 [main] WARN  o.e.r.c.r.p.ProcessableProposalFactory - Unknown JDT proposal type 'class org.eclipse.jdt.internal.ui.text.javadoc.JavadocLinkTypeCompletionProposal' ('{@link RemoteObjectInvocationHandler} - java.rmi.server'). Returning original proposal instead.
2016-04-27 16:27:04,177 [main] WARN  o.e.r.c.r.p.ProcessableProposalFactory - Unknown JDT proposal type 'class org.eclipse.jdt.internal.ui.text.javadoc.JavadocLinkTypeCompletionProposal' ('{@link RelationSupportMBean} - javax.management.relation'). Returning original proposal instead.
2016-04-27 16:27:04,180 [main] WARN  o.e.r.c.r.p.ProcessableProposalFactory - Unknown JDT proposal type 'class org.eclipse.jdt.internal.ui.text.javadoc.JavadocLinkTypeCompletionProposal' ('{@link ResponseCache} - java.net'). Returning original proposal instead.
2016-04-27 16:27:04,183 [main] WARN  o.e.r.c.r.p.ProcessableProposalFactory - Unknown JDT proposal type 'class org.eclipse.jdt.internal.ui.text.javadoc.JavadocLinkTypeCompletionProposal' ('{@link ReadOnlyBufferException} - java.nio'). Returning original proposal instead.
2016-04-27 16:27:04,186 [main] WARN  o.e.r.c.r.p.ProcessableProposalFactory - Unknown JDT proposal type 'class org.eclipse.jdt.internal.ui.text.javadoc.JavadocLinkTypeCompletionProposal' ('{@link Readable} - java.lang'). Returning original proposal instead.
2016-04-27 16:27:04,189 [main] WARN  o.e.r.c.r.p.ProcessableProposalFactory - Unknown JDT proposal type 'class org.eclipse.jdt.internal.ui.text.javadoc.JavadocLinkTypeCompletionProposal' ('{@link ReentrantReadWriteLock} - java.util.concurrent.locks'). Returning original proposal instead.
2016-04-27 16:27:04,192 [main] WARN  o.e.r.c.r.p.ProcessableProposalFactory - Unknown JDT proposal type 'class org.eclipse.jdt.internal.ui.text.javadoc.JavadocLinkTypeCompletionProposal' ('{@link RequiredModelMBean} - javax.management.modelmbean'). Returning original proposal instead.
2016-04-27 16:27:04,195 [main] WARN  o.e.r.c.r.p.ProcessableProposalFactory - Unknown JDT proposal type 'class org.eclipse.jdt.internal.ui.text.javadoc.JavadocLinkTypeCompletionProposal' ('{@link Relation} - javax.management.relation'). Returning original proposal instead.
2016-04-27 16:27:04,198 [main] WARN  o.e.r.c.r.p.ProcessableProposalFactory - Unknown JDT proposal type 'class org.eclipse.jdt.internal.ui.text.javadoc.JavadocLinkTypeCompletionProposal' ('{@link RestoreAction} - javax.swing.plaf.basic.BasicInternalFrameTitlePane'). Returning original proposal instead.
2016-04-27 16:27:04,201 [main] WARN  o.e.r.c.r.p.ProcessableProposalFactory - Unknown JDT proposal type 'class org.eclipse.jdt.internal.ui.text.javadoc.JavadocLinkTypeCompletionProposal' ('{@link ReflectiveOperationException} - java.lang'). Returning original proposal instead.
2016-04-27 16:27:04,204 [main] WARN  o.e.r.c.r.p.ProcessableProposalFactory - Unknown JDT proposal type 'class org.eclipse.jdt.internal.ui.text.javadoc.JavadocLinkTypeCompletionProposal' ('{@link Responses} - javax.xml.ws.soap.AddressingFeature'). Returning original proposal instead.
2016-04-27 16:27:04,207 [main] WARN  o.e.r.c.r.p.ProcessableProposalFactory - Unknown JDT proposal type 'class org.eclipse.jdt.internal.ui.text.javadoc.JavadocLinkTypeCompletionProposal' ('{@link RelationType} - javax.management.relation'). Returning original proposal instead.
2016-04-27 16:27:04,210 [main] WARN  o.e.r.c.r.p.ProcessableProposalFactory - Unknown JDT proposal type 'class org.eclipse.jdt.internal.ui.text.javadoc.JavadocLinkTypeCompletionProposal' ('{@link RepaintManager} - javax.swing'). Returning original proposal instead.
2016-04-27 16:27:04,213 [main] WARN  o.e.r.c.r.p.ProcessableProposalFactory - Unknown JDT proposal type 'class org.eclipse.jdt.internal.ui.text.javadoc.JavadocLinkTypeCompletionProposal' ('{@link RemoteCall} - java.rmi.server'). Returning original proposal instead.
2016-04-27 16:27:04,216 [main] WARN  o.e.r.c.r.p.ProcessableProposalFactory - Unknown JDT proposal type 'class org.eclipse.jdt.internal.ui.text.javadoc.JavadocLinkTypeCompletionProposal' ('{@link RegisterableService} - javax.imageio.spi'). Returning original proposal instead.
2016-04-27 16:27:04,219 [main] WARN  o.e.r.c.r.p.ProcessableProposalFactory - Unknown JDT proposal type 'class org.eclipse.jdt.internal.ui.text.javadoc.JavadocLinkTypeCompletionProposal' ('{@link ReferralException} - javax.naming'). Returning original proposal instead.
2016-04-27 16:27:04,222 [main] WARN  o.e.r.c.r.p.ProcessableProposalFactory - Unknown JDT proposal type 'class org.eclipse.jdt.internal.ui.text.javadoc.JavadocLinkTypeCompletionProposal' ('{@link RequestProcessingPolicy} - org.omg.PortableServer'). Returning original proposal instead.
2016-04-27 16:27:04,225 [main] WARN  o.e.r.c.r.p.ProcessableProposalFactory - Unknown JDT proposal type 'class org.eclipse.jdt.internal.ui.text.javadoc.JavadocLinkTypeCompletionProposal' ('{@link Referenceable} - javax.naming'). Returning original proposal instead.
2016-04-27 16:27:04,228 [main] WARN  o.e.r.c.r.p.ProcessableProposalFactory - Unknown JDT proposal type 'class org.eclipse.jdt.internal.ui.text.javadoc.JavadocLinkTypeCompletionProposal' ('{@link ReferenceType} - javax.lang.model.type'). Returning original proposal instead.
2016-04-27 16:27:04,231 [main] WARN  o.e.r.c.r.p.ProcessableProposalFactory - Unknown JDT proposal type 'class org.eclipse.jdt.internal.ui.text.javadoc.JavadocLinkTypeCompletionProposal' ('{@link RetrievalMethod} - javax.xml.crypto.dsig.keyinfo'). Returning original proposal instead.
2016-04-27 16:27:04,233 [main] WARN  o.e.r.c.r.p.ProcessableProposalFactory - Unknown JDT proposal type 'class org.eclipse.jdt.internal.ui.text.javadoc.JavadocLinkTypeCompletionProposal' ('{@link REQUEST_PROCESSING_POLICY_ID} - org.omg.PortableServer'). Returning original proposal instead.
2016-04-27 16:27:04,237 [main] WARN  o.e.r.c.r.p.ProcessableProposalFactory - Unknown JDT proposal type 'class org.eclipse.jdt.internal.ui.text.javadoc.JavadocLinkTypeCompletionProposal' ('{@link Result} - javax.xml.transform'). Returning original proposal instead.
2016-04-27 16:27:04,240 [main] WARN  o.e.r.c.r.p.ProcessableProposalFactory - Unknown JDT proposal type 'class org.eclipse.jdt.internal.ui.text.javadoc.JavadocLinkTypeCompletionProposal' ('{@link RemoteStub} - java.rmi.server'). Returning original proposal instead.
2016-04-27 16:27:04,242 [main] WARN  o.e.r.c.r.p.ProcessableProposalFactory - Unknown JDT proposal type 'class org.eclipse.jdt.internal.ui.text.javadoc.JavadocLinkTypeCompletionProposal' ('{@link RequestWrapper} - javax.xml.ws'). Returning original proposal instead.
2016-04-27 16:27:04,245 [main] WARN  o.e.r.c.r.p.ProcessableProposalFactory - Unknown JDT proposal type 'class org.eclipse.jdt.internal.ui.text.javadoc.JavadocLinkTypeCompletionProposal' ('{@link Receiver} - javax.sound.midi'). Returning original proposal instead.
2016-04-27 16:27:04,248 [main] WARN  o.e.r.c.r.p.ProcessableProposalFactory - Unknown JDT proposal type 'class org.eclipse.jdt.internal.ui.text.javadoc.JavadocLinkTypeCompletionProposal' ('{@link RealmChoiceCallback} - javax.security.sasl'). Returning original proposal instead.
2016-04-27 16:27:04,250 [main] WARN  o.e.r.c.r.p.ProcessableProposalFactory - Unknown JDT proposal type 'class org.eclipse.jdt.internal.ui.text.javadoc.JavadocLinkTypeCompletionProposal' ('{@link RelationTypeNotFoundException} - javax.management.relation'). Returning original proposal instead.
2016-04-27 16:27:04,254 [main] WARN  o.e.r.c.r.p.ProcessableProposalFactory - Unknown JDT proposal type 'class org.eclipse.jdt.internal.ui.text.javadoc.JavadocLinkTypeCompletionProposal' ('{@link ReadWriteLock} - java.util.concurrent.locks'). Returning original proposal instead.
2016-04-27 16:27:04,256 [main] WARN  o.e.r.c.r.p.ProcessableProposalFactory - Unknown JDT proposal type 'class org.eclipse.jdt.internal.ui.text.javadoc.JavadocLinkTypeCompletionProposal' ('{@link RemoteRef} - java.rmi.server'). Returning original proposal instead.
2016-04-27 16:27:04,258 [main] WARN  o.e.r.c.r.p.ProcessableProposalFactory - Unknown JDT proposal type 'class org.eclipse.jdt.internal.ui.text.javadoc.JavadocLinkTypeCompletionProposal' ('{@link ReadPendingException} - java.nio.channels'). Returning original proposal instead.
2016-04-27 16:27:04,261 [main] WARN  o.e.r.c.r.p.ProcessableProposalFactory - Unknown JDT proposal type 'class org.eclipse.jdt.internal.ui.text.javadoc.JavadocLinkTypeCompletionProposal' ('{@link RequestProcessingPolicyValue} - org.omg.PortableServer'). Returning original proposal instead.
2016-04-27 16:27:04,263 [main] WARN  o.e.r.c.r.p.ProcessableProposalFactory - Unknown JDT proposal type 'class org.eclipse.jdt.internal.ui.text.javadoc.JavadocLinkTypeCompletionProposal' ('{@link RequestInfoOperations} - org.omg.PortableInterceptor'). Returning original proposal instead.
2016-04-27 16:27:04,266 [main] WARN  o.e.r.c.r.p.ProcessableProposalFactory - Unknown JDT proposal type 'class org.eclipse.jdt.internal.ui.text.javadoc.JavadocLinkTypeCompletionProposal' ('{@link Reason} - java.security.cert.CertPathValidatorException'). Returning original proposal instead.
2016-04-27 16:27:04,270 [main] WARN  o.e.r.c.r.p.ProcessableProposalFactory - Unknown JDT proposal type 'class org.eclipse.jdt.internal.ui.text.javadoc.JavadocLinkTypeCompletionProposal' ('{@link Refreshable} - javax.security.auth'). Returning original proposal instead.
2016-04-27 16:27:04,273 [main] WARN  o.e.r.c.r.p.ProcessableProposalFactory - Unknown JDT proposal type 'class org.eclipse.jdt.internal.ui.text.javadoc.JavadocLinkTypeCompletionProposal' ('{@link ResolutionSyntax} - javax.print.attribute'). Returning original proposal instead.
2016-04-27 16:27:04,276 [main] WARN  o.e.r.c.r.p.ProcessableProposalFactory - Unknown JDT proposal type 'class org.eclipse.jdt.internal.ui.text.javadoc.JavadocLinkTypeCompletionProposal' ('{@link Reader} - java.io'). Returning original proposal instead.
2016-04-27 16:27:04,278 [main] WARN  o.e.r.c.r.p.ProcessableProposalFactory - Unknown JDT proposal type 'class org.eclipse.jdt.internal.ui.text.javadoc.JavadocLinkTypeCompletionProposal' ('{@link Rect} - org.w3c.dom.css'). Returning original proposal instead.
2016-04-27 16:27:04,281 [main] WARN  o.e.r.c.r.p.ProcessableProposalFactory - Unknown JDT proposal type 'class org.eclipse.jdt.internal.ui.text.javadoc.JavadocLinkTypeCompletionProposal' ('{@link RenderContext} - java.awt.image.renderable'). Returning original proposal instead.
2016-04-27 16:27:04,284 [main] WARN  o.e.r.c.r.p.ProcessableProposalFactory - Unknown JDT proposal type 'class org.eclipse.jdt.internal.ui.text.javadoc.JavadocLinkTypeCompletionProposal' ('{@link ResourceBundleControlProvider} - java.util.spi'). Returning original proposal instead.
2016-04-27 16:27:04,286 [main] WARN  o.e.r.c.r.p.ProcessableProposalFactory - Unknown JDT proposal type 'class org.eclipse.jdt.internal.ui.text.javadoc.JavadocLinkTypeCompletionProposal' ('{@link RequestingUserName} - javax.print.attribute.standard'). Returning original proposal instead.
2016-04-27 16:27:04,533 [main] WARN  o.e.r.c.r.p.ProcessableProposalFactory - Unknown JDT proposal type 'class org.eclipse.jdt.internal.ui.text.javadoc.JavadocLinkTypeCompletionProposal' ('{@link RequestInfo} - org.omg.PortableInterceptor'). Returning original proposal instead.
2016-04-27 16:27:04,536 [main] WARN  o.e.r.c.r.p.ProcessableProposalFactory - Unknown JDT proposal type 'class org.eclipse.jdt.internal.ui.text.javadoc.JavadocLinkTypeCompletionProposal' ('{@link RowSetFactory} - javax.sql.rowset'). Returning original proposal instead.
2016-04-27 16:27:04,538 [main] WARN  o.e.r.c.r.p.ProcessableProposalFactory - Unknown JDT proposal type 'class org.eclipse.jdt.internal.ui.text.javadoc.JavadocLinkTypeCompletionProposal' ('{@link Range} - java.awt.font.NumericShaper'). Returning original proposal instead.
2016-04-27 16:27:04,541 [main] WARN  o.e.r.c.r.p.ProcessableProposalFactory - Unknown JDT proposal type 'class org.eclipse.jdt.internal.ui.text.javadoc.JavadocLinkTypeCompletionProposal' ('{@link RuntimeOperationsException} - javax.management'). Returning original proposal instead.
2016-04-27 16:27:04,543 [main] WARN  o.e.r.c.r.p.ProcessableProposalFactory - Unknown JDT proposal type 'class org.eclipse.jdt.internal.ui.text.javadoc.JavadocLinkTypeCompletionProposal' ('{@link RSAPrivateKey} - java.security.interfaces'). Returning original proposal instead.
2016-04-27 16:27:04,545 [main] WARN  o.e.r.c.r.p.ProcessableProposalFactory - Unknown JDT proposal type 'class org.eclipse.jdt.internal.ui.text.javadoc.JavadocLinkTypeCompletionProposal' ('{@link ReflectPermission} - java.lang.reflect'). Returning original proposal instead.
2016-04-27 16:27:04,548 [main] WARN  o.e.r.c.r.p.ProcessableProposalFactory - Unknown JDT proposal type 'class org.eclipse.jdt.internal.ui.text.javadoc.JavadocLinkTypeCompletionProposal' ('{@link RMIServerImpl} - javax.management.remote.rmi'). Returning original proposal instead.
2016-04-27 16:27:04,550 [main] WARN  o.e.r.c.r.p.ProcessableProposalFactory - Unknown JDT proposal type 'class org.eclipse.jdt.internal.ui.text.javadoc.JavadocLinkTypeCompletionProposal' ('{@link Refreshable} - javax.security.auth'). Returning original proposal instead.
2016-04-27 16:27:04,552 [main] WARN  o.e.r.c.r.p.ProcessableProposalFactory - Unknown JDT proposal type 'class org.eclipse.jdt.internal.ui.text.javadoc.JavadocLinkTypeCompletionProposal' ('{@link Rdn} - javax.naming.ldap'). Returning original proposal instead.
2016-04-27 16:27:04,555 [main] WARN  o.e.r.c.r.p.ProcessableProposalFactory - Unknown JDT proposal type 'class org.eclipse.jdt.internal.ui.text.javadoc.JavadocLinkTypeCompletionProposal' ('{@link RepaintManager} - javax.swing'). Returning original proposal instead.
2016-04-27 16:27:04,557 [main] WARN  o.e.r.c.r.p.ProcessableProposalFactory - Unknown JDT proposal type 'class org.eclipse.jdt.internal.ui.text.javadoc.JavadocLinkTypeCompletionProposal' ('{@link RSAMultiPrimePrivateCrtKey} - java.security.interfaces'). Returning original proposal instead.
2016-04-27 16:27:04,560 [main] WARN  o.e.r.c.r.p.ProcessableProposalFactory - Unknown JDT proposal type 'class org.eclipse.jdt.internal.ui.text.javadoc.JavadocLinkTypeCompletionProposal' ('{@link REBIND} - org.omg.CORBA'). Returning original proposal instead.
2016-04-27 16:27:04,563 [main] WARN  o.e.r.c.r.p.ProcessableProposalFactory - Unknown JDT proposal type 'class org.eclipse.jdt.internal.ui.text.javadoc.JavadocLinkTypeCompletionProposal' ('{@link RGBColor} - org.w3c.dom.css'). Returning original proposal instead.
2016-04-27 16:27:04,566 [main] WARN  o.e.r.c.r.p.ProcessableProposalFactory - Unknown JDT proposal type 'class org.eclipse.jdt.internal.ui.text.javadoc.JavadocLinkTypeCompletionProposal' ('{@link Resources} - javax.annotation'). Returning original proposal instead.
2016-04-27 16:27:04,568 [main] WARN  o.e.r.c.r.p.ProcessableProposalFactory - Unknown JDT proposal type 'class org.eclipse.jdt.internal.ui.text.javadoc.JavadocLinkTypeCompletionProposal' ('{@link Region} - javax.swing.plaf.synth'). Returning original proposal instead.
2016-04-27 16:27:04,571 [main] WARN  o.e.r.c.r.p.ProcessableProposalFactory - Unknown JDT proposal type 'class org.eclipse.jdt.internal.ui.text.javadoc.JavadocLinkTypeCompletionProposal' ('{@link RSAPrivateCrtKey} - java.security.interfaces'). Returning original proposal instead.
2016-04-27 16:27:04,574 [main] WARN  o.e.r.c.r.p.ProcessableProposalFactory - Unknown JDT proposal type 'class org.eclipse.jdt.internal.ui.text.javadoc.JavadocLinkTypeCompletionProposal' ('{@link RenderableImage} - java.awt.image.renderable'). Returning original proposal instead.
2016-04-27 16:27:04,576 [main] WARN  o.e.r.c.r.p.ProcessableProposalFactory - Unknown JDT proposal type 'class org.eclipse.jdt.internal.ui.text.javadoc.JavadocLinkTypeCompletionProposal' ('{@link Renderer} - javax.swing'). Returning original proposal instead.
2016-04-27 16:27:04,579 [main] WARN  o.e.r.c.r.p.ProcessableProposalFactory - Unknown JDT proposal type 'class org.eclipse.jdt.internal.ui.text.javadoc.JavadocLinkTypeCompletionProposal' ('{@link RequestInfoOperations} - org.omg.PortableInterceptor'). Returning original proposal instead.
2016-04-27 16:27:04,581 [main] WARN  o.e.r.c.r.p.ProcessableProposalFactory - Unknown JDT proposal type 'class org.eclipse.jdt.internal.ui.text.javadoc.JavadocLinkTypeCompletionProposal' ('{@link RuntimeException} - java.lang'). Returning original proposal instead.
2016-04-27 16:27:04,583 [main] WARN  o.e.r.c.r.p.ProcessableProposalFactory - Unknown JDT proposal type 'class org.eclipse.jdt.internal.ui.text.javadoc.JavadocLinkTypeCompletionProposal' ('{@link RMIServerImpl_Stub} - javax.management.remote.rmi'). Returning original proposal instead.
2016-04-27 16:27:04,585 [main] WARN  o.e.r.c.r.p.ProcessableProposalFactory - Unknown JDT proposal type 'class org.eclipse.jdt.internal.ui.text.javadoc.JavadocLinkTypeCompletionProposal' ('{@link ReferenceType} - javax.lang.model.type'). Returning original proposal instead.
2016-04-27 16:27:04,588 [main] WARN  o.e.r.c.r.p.ProcessableProposalFactory - Unknown JDT proposal type 'class org.eclipse.jdt.internal.ui.text.javadoc.JavadocLinkTypeCompletionProposal' ('{@link RuntimeErrorException} - javax.management'). Returning original proposal instead.
2016-04-27 16:27:04,591 [main] WARN  o.e.r.c.r.p.ProcessableProposalFactory - Unknown JDT proposal type 'class org.eclipse.jdt.internal.ui.text.javadoc.JavadocLinkTypeCompletionProposal' ('{@link RoleList} - javax.management.relation'). Returning original proposal instead.
2016-04-27 16:27:04,593 [main] WARN  o.e.r.c.r.p.ProcessableProposalFactory - Unknown JDT proposal type 'class org.eclipse.jdt.internal.ui.text.javadoc.JavadocLinkTypeCompletionProposal' ('{@link RMISecurityManager} - java.rmi'). Returning original proposal instead.
2016-04-27 16:27:04,596 [main] WARN  o.e.r.c.r.p.ProcessableProposalFactory - Unknown JDT proposal type 'class org.eclipse.jdt.internal.ui.text.javadoc.JavadocLinkTypeCompletionProposal' ('{@link RoleInfoNotFoundException} - javax.management.relation'). Returning original proposal instead.
2016-04-27 16:27:04,599 [main] WARN  o.e.r.c.r.p.ProcessableProposalFactory - Unknown JDT proposal type 'class org.eclipse.jdt.internal.ui.text.javadoc.JavadocLinkTypeCompletionProposal' ('{@link ResponseHandler} - org.omg.CORBA.portable'). Returning original proposal instead.
2016-04-27 16:27:04,602 [main] WARN  o.e.r.c.r.p.ProcessableProposalFactory - Unknown JDT proposal type 'class org.eclipse.jdt.internal.ui.text.javadoc.JavadocLinkTypeCompletionProposal' ('{@link RowSorterListener} - javax.swing.event'). Returning original proposal instead.
2016-04-27 16:27:04,604 [main] WARN  o.e.r.c.r.p.ProcessableProposalFactory - Unknown JDT proposal type 'class org.eclipse.jdt.internal.ui.text.javadoc.JavadocLinkTypeCompletionProposal' ('{@link RMIClientSocketFactory} - java.rmi.server'). Returning original proposal instead.
2016-04-27 16:27:04,607 [main] WARN  o.e.r.c.r.p.ProcessableProposalFactory - Unknown JDT proposal type 'class org.eclipse.jdt.internal.ui.text.javadoc.JavadocLinkTypeCompletionProposal' ('{@link RowIdLifetime} - java.sql'). Returning original proposal instead.
2016-04-27 16:27:04,609 [main] WARN  o.e.r.c.r.p.ProcessableProposalFactory - Unknown JDT proposal type 'class org.eclipse.jdt.internal.ui.text.javadoc.JavadocLinkTypeCompletionProposal' ('{@link Reference} - javax.xml.crypto.dsig'). Returning original proposal instead.
2016-04-27 16:27:04,611 [main] WARN  o.e.r.c.r.p.ProcessableProposalFactory - Unknown JDT proposal type 'class org.eclipse.jdt.internal.ui.text.javadoc.JavadocLinkTypeCompletionProposal' ('{@link Rectangle2D} - java.awt.geom'). Returning original proposal instead.
2016-04-27 16:27:04,614 [main] WARN  o.e.r.c.r.p.ProcessableProposalFactory - Unknown JDT proposal type 'class org.eclipse.jdt.internal.ui.text.javadoc.JavadocLinkTypeCompletionProposal' ('{@link RMIJRMPServerImpl} - javax.management.remote.rmi'). Returning original proposal instead.
2016-04-27 16:27:04,616 [main] WARN  o.e.r.c.r.p.ProcessableProposalFactory - Unknown JDT proposal type 'class org.eclipse.jdt.internal.ui.text.javadoc.JavadocLinkTypeCompletionProposal' ('{@link RowSet} - javax.sql'). Returning original proposal instead.
2016-04-27 16:27:04,619 [main] WARN  o.e.r.c.r.p.ProcessableProposalFactory - Unknown JDT proposal type 'class org.eclipse.jdt.internal.ui.text.javadoc.JavadocLinkTypeCompletionProposal' ('{@link RSAPublicKey} - java.security.interfaces'). Returning original proposal instead.
2016-04-27 16:27:04,621 [main] WARN  o.e.r.c.r.p.ProcessableProposalFactory - Unknown JDT proposal type 'class org.eclipse.jdt.internal.ui.text.javadoc.JavadocLinkTypeCompletionProposal' ('{@link ResultSetMetaData} - java.sql'). Returning original proposal instead.
2016-04-27 16:27:04,623 [main] WARN  o.e.r.c.r.p.ProcessableProposalFactory - Unknown JDT proposal type 'class org.eclipse.jdt.internal.ui.text.javadoc.JavadocLinkTypeCompletionProposal' ('{@link RMIConnectionImpl} - javax.management.remote.rmi'). Returning original proposal instead.
2016-04-27 16:27:04,626 [main] WARN  o.e.r.c.r.p.ProcessableProposalFactory - Unknown JDT proposal type 'class org.eclipse.jdt.internal.ui.text.javadoc.JavadocLinkTypeCompletionProposal' ('{@link RunnableScheduledFuture} - java.util.concurrent'). Returning original proposal instead.
2016-04-27 16:27:04,628 [main] WARN  o.e.r.c.r.p.ProcessableProposalFactory - Unknown JDT proposal type 'class org.eclipse.jdt.internal.ui.text.javadoc.JavadocLinkTypeCompletionProposal' ('{@link RowSetWriter} - javax.sql'). Returning original proposal instead.
2016-04-27 16:27:04,630 [main] WARN  o.e.r.c.r.p.ProcessableProposalFactory - Unknown JDT proposal type 'class org.eclipse.jdt.internal.ui.text.javadoc.JavadocLinkTypeCompletionProposal' ('{@link Robot} - java.awt'). Returning original proposal instead.
2016-04-27 16:27:04,633 [main] WARN  o.e.r.c.r.p.ProcessableProposalFactory - Unknown JDT proposal type 'class org.eclipse.jdt.internal.ui.text.javadoc.JavadocLinkTypeCompletionProposal' ('{@link RegisterableService} - javax.imageio.spi'). Returning original proposal instead.
2016-04-27 16:27:04,636 [main] WARN  o.e.r.c.r.p.ProcessableProposalFactory - Unknown JDT proposal type 'class org.eclipse.jdt.internal.ui.text.javadoc.JavadocLinkTypeCompletionProposal' ('{@link Ref} - java.sql'). Returning original proposal instead.
2016-04-27 16:27:04,640 [main] WARN  o.e.r.c.r.p.ProcessableProposalFactory - Unknown JDT proposal type 'class org.eclipse.jdt.internal.ui.text.javadoc.JavadocLinkTypeCompletionProposal' ('{@link RMIConnectionImpl_Stub} - javax.management.remote.rmi'). Returning original proposal instead.
2016-04-27 16:27:04,643 [main] WARN  o.e.r.c.r.p.ProcessableProposalFactory - Unknown JDT proposal type 'class org.eclipse.jdt.internal.ui.text.javadoc.JavadocLinkTypeCompletionProposal' ('{@link ReadOnlyFileSystemException} - java.nio.file'). Returning original proposal instead.
2016-04-27 16:27:04,646 [main] WARN  o.e.r.c.r.p.ProcessableProposalFactory - Unknown JDT proposal type 'class org.eclipse.jdt.internal.ui.text.javadoc.JavadocLinkTypeCompletionProposal' ('{@link RowId} - java.sql'). Returning original proposal instead.
2016-04-27 16:27:04,648 [main] WARN  o.e.r.c.r.p.ProcessableProposalFactory - Unknown JDT proposal type 'class org.eclipse.jdt.internal.ui.text.javadoc.JavadocLinkTypeCompletionProposal' ('{@link RowSetReader} - javax.sql'). Returning original proposal instead.
2016-04-27 16:27:04,651 [main] WARN  o.e.r.c.r.p.ProcessableProposalFactory - Unknown JDT proposal type 'class org.eclipse.jdt.internal.ui.text.javadoc.JavadocLinkTypeCompletionProposal' ('{@link RMIConnectorServer} - javax.management.remote.rmi'). Returning original proposal instead.
2016-04-27 16:27:04,653 [main] WARN  o.e.r.c.r.p.ProcessableProposalFactory - Unknown JDT proposal type 'class org.eclipse.jdt.internal.ui.text.javadoc.JavadocLinkTypeCompletionProposal' ('{@link ResultSet} - java.sql'). Returning original proposal instead.
2016-04-27 16:27:04,656 [main] WARN  o.e.r.c.r.p.ProcessableProposalFactory - Unknown JDT proposal type 'class org.eclipse.jdt.internal.ui.text.javadoc.JavadocLinkTypeCompletionProposal' ('{@link RuntimePermission} - java.lang'). Returning original proposal instead.
2016-04-27 16:27:04,658 [main] WARN  o.e.r.c.r.p.ProcessableProposalFactory - Unknown JDT proposal type 'class org.eclipse.jdt.internal.ui.text.javadoc.JavadocLinkTypeCompletionProposal' ('{@link RasterFormatException} - java.awt.image'). Returning original proposal instead.
2016-04-27 16:27:04,661 [main] WARN  o.e.r.c.r.p.ProcessableProposalFactory - Unknown JDT proposal type 'class org.eclipse.jdt.internal.ui.text.javadoc.JavadocLinkTypeCompletionProposal' ('{@link RestoreAction} - javax.swing.plaf.basic.BasicInternalFrameTitlePane'). Returning original proposal instead.
2016-04-27 16:27:04,663 [main] WARN  o.e.r.c.r.p.ProcessableProposalFactory - Unknown JDT proposal type 'class org.eclipse.jdt.internal.ui.text.javadoc.JavadocLinkTypeCompletionProposal' ('{@link Request} - org.omg.CORBA'). Returning original proposal instead.
2016-04-27 16:27:04,666 [main] WARN  o.e.r.c.r.p.ProcessableProposalFactory - Unknown JDT proposal type 'class org.eclipse.jdt.internal.ui.text.javadoc.JavadocLinkTypeCompletionProposal' ('{@link Redirect} - java.lang.ProcessBuilder'). Returning original proposal instead.
2016-04-27 16:27:04,668 [main] WARN  o.e.r.c.r.p.ProcessableProposalFactory - Unknown JDT proposal type 'class org.eclipse.jdt.internal.ui.text.javadoc.JavadocLinkTypeCompletionProposal' ('{@link RenderedImageFactory} - java.awt.image.renderable'). Returning original proposal instead.
2016-04-27 16:27:04,672 [main] WARN  o.e.r.c.r.p.ProcessableProposalFactory - Unknown JDT proposal type 'class org.eclipse.jdt.internal.ui.text.javadoc.JavadocLinkTypeCompletionProposal' ('{@link Responses} - javax.xml.ws.soap.AddressingFeature'). Returning original proposal instead.
2016-04-27 16:27:04,673 [main] WARN  o.e.r.c.r.p.ProcessableProposalFactory - Unknown JDT proposal type 'class org.eclipse.jdt.internal.ui.text.javadoc.JavadocLinkTypeCompletionProposal' ('{@link Result} - javax.xml.transform'). Returning original proposal instead.
2016-04-27 16:27:04,675 [main] WARN  o.e.r.c.r.p.ProcessableProposalFactory - Unknown JDT proposal type 'class org.eclipse.jdt.internal.ui.text.javadoc.JavadocLinkTypeCompletionProposal' ('{@link RolloverButtonBorder} - javax.swing.plaf.metal.MetalBorders'). Returning original proposal instead.
2016-04-27 16:27:04,679 [main] WARN  o.e.r.c.r.p.ProcessableProposalFactory - Unknown JDT proposal type 'class org.eclipse.jdt.internal.ui.text.javadoc.JavadocLinkTypeCompletionProposal' ('{@link Repeatable} - java.lang.annotation'). Returning original proposal instead.
2016-04-27 16:27:04,682 [main] WARN  o.e.r.c.r.p.ProcessableProposalFactory - Unknown JDT proposal type 'class org.eclipse.jdt.internal.ui.text.javadoc.JavadocLinkTypeCompletionProposal' ('{@link RowSetListener} - javax.sql'). Returning original proposal instead.
2016-04-27 16:27:04,686 [main] WARN  o.e.r.c.r.p.ProcessableProposalFactory - Unknown JDT proposal type 'class org.eclipse.jdt.internal.ui.text.javadoc.JavadocLinkTypeCompletionProposal' ('{@link RowSorterEvent} - javax.swing.event'). Returning original proposal instead.
2016-04-27 16:27:04,688 [main] WARN  o.e.r.c.r.p.ProcessableProposalFactory - Unknown JDT proposal type 'class org.eclipse.jdt.internal.ui.text.javadoc.JavadocLinkTypeCompletionProposal' ('{@link RefAddr} - javax.naming'). Returning original proposal instead.
2016-04-27 16:27:04,689 [main] WARN  o.e.r.c.r.p.ProcessableProposalFactory - Unknown JDT proposal type 'class org.eclipse.jdt.internal.ui.text.javadoc.JavadocLinkTypeCompletionProposal' ('{@link RadioButtonBorder} - javax.swing.plaf.basic.BasicBorders'). Returning original proposal instead.
2016-04-27 16:27:04,693 [main] WARN  o.e.r.c.r.p.ProcessableProposalFactory - Unknown JDT proposal type 'class org.eclipse.jdt.internal.ui.text.javadoc.JavadocLinkTypeCompletionProposal' ('{@link RespectBindingFeature} - javax.xml.ws'). Returning original proposal instead.
2016-04-27 16:27:04,696 [main] WARN  o.e.r.c.r.p.ProcessableProposalFactory - Unknown JDT proposal type 'class org.eclipse.jdt.internal.ui.text.javadoc.JavadocLinkTypeCompletionProposal' ('{@link RunTime} - org.omg.SendingContext'). Returning original proposal instead.
2016-04-27 16:27:04,699 [main] WARN  o.e.r.c.r.p.ProcessableProposalFactory - Unknown JDT proposal type 'class org.eclipse.jdt.internal.ui.text.javadoc.JavadocLinkTypeCompletionProposal' ('{@link Reference} - java.lang.ref'). Returning original proposal instead.
2016-04-27 16:27:04,702 [main] WARN  o.e.r.c.r.p.ProcessableProposalFactory - Unknown JDT proposal type 'class org.eclipse.jdt.internal.ui.text.javadoc.JavadocLinkTypeCompletionProposal' ('{@link ReferenceUriSchemesSupported} - javax.print.attribute.standard'). Returning original proposal instead.
2016-04-27 16:27:04,705 [main] WARN  o.e.r.c.r.p.ProcessableProposalFactory - Unknown JDT proposal type 'class org.eclipse.jdt.internal.ui.text.javadoc.JavadocLinkTypeCompletionProposal' ('{@link ResourceBundleControlProvider} - java.util.spi'). Returning original proposal instead.
2016-04-27 16:27:04,708 [main] WARN  o.e.r.c.r.p.ProcessableProposalFactory - Unknown JDT proposal type 'class org.eclipse.jdt.internal.ui.text.javadoc.JavadocLinkTypeCompletionProposal' ('{@link RemoteCall} - java.rmi.server'). Returning original proposal instead.
2016-04-27 16:27:04,711 [main] WARN  o.e.r.c.r.p.ProcessableProposalFactory - Unknown JDT proposal type 'class org.eclipse.jdt.internal.ui.text.javadoc.JavadocLinkTypeCompletionProposal' ('{@link RoleStatus} - javax.management.relation'). Returning original proposal instead.
2016-04-27 16:27:04,713 [main] WARN  o.e.r.c.r.p.ProcessableProposalFactory - Unknown JDT proposal type 'class org.eclipse.jdt.internal.ui.text.javadoc.JavadocLinkTypeCompletionProposal' ('{@link RoleUnresolvedList} - javax.management.relation'). Returning original proposal instead.
2016-04-27 16:27:04,717 [main] WARN  o.e.r.c.r.p.ProcessableProposalFactory - Unknown JDT proposal type 'class org.eclipse.jdt.internal.ui.text.javadoc.JavadocLinkTypeCompletionProposal' ('{@link RunTimeOperations} - org.omg.SendingContext'). Returning original proposal instead.
2016-04-27 16:27:04,719 [main] WARN  o.e.r.c.r.p.ProcessableProposalFactory - Unknown JDT proposal type 'class org.eclipse.jdt.internal.ui.text.javadoc.JavadocLinkTypeCompletionProposal' ('{@link ResolveResult} - javax.naming.spi'). Returning original proposal instead.
2016-04-27 16:27:04,723 [main] WARN  o.e.r.c.r.p.ProcessableProposalFactory - Unknown JDT proposal type 'class org.eclipse.jdt.internal.ui.text.javadoc.JavadocLinkTypeCompletionProposal' ('{@link Reference} - javax.naming'). Returning original proposal instead.
2016-04-27 16:27:04,726 [main] WARN  o.e.r.c.r.p.ProcessableProposalFactory - Unknown JDT proposal type 'class org.eclipse.jdt.internal.ui.text.javadoc.JavadocLinkTypeCompletionProposal' ('{@link RelationServiceNotRegisteredException} - javax.management.relation'). Returning original proposal instead.
2016-04-27 16:27:04,728 [main] WARN  o.e.r.c.r.p.ProcessableProposalFactory - Unknown JDT proposal type 'class org.eclipse.jdt.internal.ui.text.javadoc.JavadocLinkTypeCompletionProposal' ('{@link Runtime} - java.lang'). Returning original proposal instead.
2016-04-27 16:27:04,731 [main] WARN  o.e.r.c.r.p.ProcessableProposalFactory - Unknown JDT proposal type 'class org.eclipse.jdt.internal.ui.text.javadoc.JavadocLinkTypeCompletionProposal' ('{@link RowSetMetaData} - javax.sql'). Returning original proposal instead.
2016-04-27 16:27:04,734 [main] WARN  o.e.r.c.r.p.ProcessableProposalFactory - Unknown JDT proposal type 'class org.eclipse.jdt.internal.ui.text.javadoc.JavadocLinkTypeCompletionProposal' ('{@link ReplicateScaleFilter} - java.awt.image'). Returning original proposal instead.
2016-04-27 16:27:04,738 [main] WARN  o.e.r.c.r.p.ProcessableProposalFactory - Unknown JDT proposal type 'class org.eclipse.jdt.internal.ui.text.javadoc.JavadocLinkTypeCompletionProposal' ('{@link RowSorter} - javax.swing'). Returning original proposal instead.
2016-04-27 16:27:04,740 [main] WARN  o.e.r.c.r.p.ProcessableProposalFactory - Unknown JDT proposal type 'class org.eclipse.jdt.internal.ui.text.javadoc.JavadocLinkTypeCompletionProposal' ('{@link REQUEST_PROCESSING_POLICY_ID} - org.omg.PortableServer'). Returning original proposal instead.
2016-04-27 16:27:04,742 [main] WARN  o.e.r.c.r.p.ProcessableProposalFactory - Unknown JDT proposal type 'class org.eclipse.jdt.internal.ui.text.javadoc.JavadocLinkTypeCompletionProposal' ('{@link RemoteServer} - java.rmi.server'). Returning original proposal instead.
2016-04-27 16:27:04,750 [main] WARN  o.e.r.c.r.p.ProcessableProposalFactory - Unknown JDT proposal type 'class org.eclipse.jdt.internal.ui.text.javadoc.JavadocLinkTypeCompletionProposal' ('{@link Relation} - javax.management.relation'). Returning original proposal instead.
2016-04-27 16:27:04,756 [main] WARN  o.e.r.c.r.p.ProcessableProposalFactory - Unknown JDT proposal type 'class org.eclipse.jdt.internal.ui.text.javadoc.JavadocLinkTypeCompletionProposal' ('{@link Raster} - java.awt.image'). Returning original proposal instead.
2016-04-27 16:27:04,767 [main] WARN  o.e.r.c.r.p.ProcessableProposalFactory - Unknown JDT proposal type 'class org.eclipse.jdt.internal.ui.text.javadoc.JavadocLinkTypeCompletionProposal' ('{@link ReferenceQueue} - java.lang.ref'). Returning original proposal instead.
2016-04-27 16:27:04,772 [main] WARN  o.e.r.c.r.p.ProcessableProposalFactory - Unknown JDT proposal type 'class org.eclipse.jdt.internal.ui.text.javadoc.JavadocLinkTypeCompletionProposal' ('{@link RoleInfo} - javax.management.relation'). Returning original proposal instead.
2016-04-27 16:27:04,782 [main] WARN  o.e.r.c.r.p.ProcessableProposalFactory - Unknown JDT proposal type 'class org.eclipse.jdt.internal.ui.text.javadoc.JavadocLinkTypeCompletionProposal' ('{@link Readable} - java.lang'). Returning original proposal instead.
2016-04-27 16:27:04,785 [main] WARN  o.e.r.c.r.p.ProcessableProposalFactory - Unknown JDT proposal type 'class org.eclipse.jdt.internal.ui.text.javadoc.JavadocLinkTypeCompletionProposal' ('{@link RowSetInternal} - javax.sql'). Returning original proposal instead.
2016-04-27 16:27:04,793 [main] WARN  o.e.r.c.r.p.ProcessableProposalFactory - Unknown JDT proposal type 'class org.eclipse.jdt.internal.ui.text.javadoc.JavadocLinkTypeCompletionProposal' ('{@link RepositoryIdHelper} - org.omg.CORBA'). Returning original proposal instead.
2016-04-27 16:27:04,796 [main] WARN  o.e.r.c.r.p.ProcessableProposalFactory - Unknown JDT proposal type 'class org.eclipse.jdt.internal.ui.text.javadoc.JavadocLinkTypeCompletionProposal' ('{@link ReadWriteLock} - java.util.concurrent.locks'). Returning original proposal instead.
2016-04-27 16:27:04,798 [main] WARN  o.e.r.c.r.p.ProcessableProposalFactory - Unknown JDT proposal type 'class org.eclipse.jdt.internal.ui.text.javadoc.JavadocLinkTypeCompletionProposal' ('{@link Receiver} - javax.sound.midi'). Returning original proposal instead.
2016-04-27 16:27:04,801 [main] WARN  o.e.r.c.r.p.ProcessableProposalFactory - Unknown JDT proposal type 'class org.eclipse.jdt.internal.ui.text.javadoc.JavadocLinkTypeCompletionProposal' ('{@link RGBImageFilter} - java.awt.image'). Returning original proposal instead.
2016-04-27 16:27:04,804 [main] WARN  o.e.r.c.r.p.ProcessableProposalFactory - Unknown JDT proposal type 'class org.eclipse.jdt.internal.ui.text.javadoc.JavadocLinkTypeCompletionProposal' ('{@link RoundingMode} - java.math'). Returning original proposal instead.
2016-04-27 16:27:04,810 [main] WARN  o.e.r.c.r.p.ProcessableProposalFactory - Unknown JDT proposal type 'class org.eclipse.jdt.internal.ui.text.javadoc.JavadocLinkTypeCompletionProposal' ('{@link RandomAccessFile} - java.io'). Returning original proposal instead.
2016-04-27 16:27:04,815 [main] WARN  o.e.r.c.r.p.ProcessableProposalFactory - Unknown JDT proposal type 'class org.eclipse.jdt.internal.ui.text.javadoc.JavadocLinkTypeCompletionProposal' ('{@link Retention} - java.lang.annotation'). Returning original proposal instead.
2016-04-27 16:27:04,819 [main] WARN  o.e.r.c.r.p.ProcessableProposalFactory - Unknown JDT proposal type 'class org.eclipse.jdt.internal.ui.text.javadoc.JavadocLinkTypeCompletionProposal' ('{@link ResolverStyle} - java.time.format'). Returning original proposal instead.
2016-04-27 16:27:04,823 [main] WARN  o.e.r.c.r.p.ProcessableProposalFactory - Unknown JDT proposal type 'class org.eclipse.jdt.internal.ui.text.javadoc.JavadocLinkTypeCompletionProposal' ('{@link RMISocketFactory} - java.rmi.server'). Returning original proposal instead.
2016-04-27 16:27:04,827 [main] WARN  o.e.r.c.r.p.ProcessableProposalFactory - Unknown JDT proposal type 'class org.eclipse.jdt.internal.ui.text.javadoc.JavadocLinkTypeCompletionProposal' ('{@link RelationType} - javax.management.relation'). Returning original proposal instead.
2016-04-27 16:27:04,829 [main] WARN  o.e.r.c.r.p.ProcessableProposalFactory - Unknown JDT proposal type 'class org.eclipse.jdt.internal.ui.text.javadoc.JavadocLinkTypeCompletionProposal' ('{@link RetrievalMethod} - javax.xml.crypto.dsig.keyinfo'). Returning original proposal instead.
2016-04-27 16:27:04,831 [main] WARN  o.e.r.c.r.p.ProcessableProposalFactory - Unknown JDT proposal type 'class org.eclipse.jdt.internal.ui.text.javadoc.JavadocLinkTypeCompletionProposal' ('{@link RectangularShape} - java.awt.geom'). Returning original proposal instead.
2016-04-27 16:27:04,834 [main] WARN  o.e.r.c.r.p.ProcessableProposalFactory - Unknown JDT proposal type 'class org.eclipse.jdt.internal.ui.text.javadoc.JavadocLinkTypeCompletionProposal' ('{@link RSAKey} - java.security.interfaces'). Returning original proposal instead.
2016-04-27 16:27:04,838 [main] WARN  o.e.r.c.r.p.ProcessableProposalFactory - Unknown JDT proposal type 'class org.eclipse.jdt.internal.ui.text.javadoc.JavadocLinkTypeCompletionProposal' ('{@link RenderingHints} - java.awt'). Returning original proposal instead.
2016-04-27 16:27:04,846 [main] WARN  o.e.r.c.r.p.ProcessableProposalFactory - Unknown JDT proposal type 'class org.eclipse.jdt.internal.ui.text.javadoc.JavadocLinkTypeCompletionProposal' ('{@link RenderableImageOp} - java.awt.image.renderable'). Returning original proposal instead.
2016-04-27 16:27:04,850 [main] WARN  o.e.r.c.r.p.ProcessableProposalFactory - Unknown JDT proposal type 'class org.eclipse.jdt.internal.ui.text.javadoc.JavadocLinkTypeCompletionProposal' ('{@link RejectedExecutionException} - java.util.concurrent'). Returning original proposal instead.
2016-04-27 16:27:04,852 [main] WARN  o.e.r.c.r.p.ProcessableProposalFactory - Unknown JDT proposal type 'class org.eclipse.jdt.internal.ui.text.javadoc.JavadocLinkTypeCompletionProposal' ('{@link RMIConnection} - javax.management.remote.rmi'). Returning original proposal instead.
2016-04-27 16:27:04,853 [main] WARN  o.e.r.c.r.p.ProcessableProposalFactory - Unknown JDT proposal type 'class org.eclipse.jdt.internal.ui.text.javadoc.JavadocLinkTypeCompletionProposal' ('{@link RC2ParameterSpec} - javax.crypto.spec'). Returning original proposal instead.
2016-04-27 16:27:04,860 [main] WARN  o.e.r.c.r.p.ProcessableProposalFactory - Unknown JDT proposal type 'class org.eclipse.jdt.internal.ui.text.javadoc.JavadocLinkTypeCompletionProposal' ('{@link RetentionPolicy} - java.lang.annotation'). Returning original proposal instead.
2016-04-27 16:27:04,862 [main] WARN  o.e.r.c.r.p.ProcessableProposalFactory - Unknown JDT proposal type 'class org.eclipse.jdt.internal.ui.text.javadoc.JavadocLinkTypeCompletionProposal' ('{@link RowMapper} - javax.swing.tree'). Returning original proposal instead.
2016-04-27 16:27:04,865 [main] WARN  o.e.r.c.r.p.ProcessableProposalFactory - Unknown JDT proposal type 'class org.eclipse.jdt.internal.ui.text.javadoc.JavadocLinkTypeCompletionProposal' ('{@link Random} - java.util'). Returning original proposal instead.
2016-04-27 16:27:04,867 [main] WARN  o.e.r.c.r.p.ProcessableProposalFactory - Unknown JDT proposal type 'class org.eclipse.jdt.internal.ui.text.javadoc.JavadocLinkTypeCompletionProposal' ('{@link RolloverButtonBorder} - javax.swing.plaf.basic.BasicBorders'). Returning original proposal instead.
2016-04-27 16:27:04,870 [main] WARN  o.e.r.c.r.p.ProcessableProposalFactory - Unknown JDT proposal type 'class org.eclipse.jdt.internal.ui.text.javadoc.JavadocLinkTypeCompletionProposal' ('{@link Response} - javax.xml.ws'). Returning original proposal instead.
2016-04-27 16:27:04,875 [main] WARN  o.e.r.c.r.p.ProcessableProposalFactory - Unknown JDT proposal type 'class org.eclipse.jdt.internal.ui.text.javadoc.JavadocLinkTypeCompletionProposal' ('{@link Result} - javax.naming.spi.DirStateFactory'). Returning original proposal instead.
2016-04-27 16:27:04,878 [main] WARN  o.e.r.c.r.p.ProcessableProposalFactory - Unknown JDT proposal type 'class org.eclipse.jdt.internal.ui.text.javadoc.JavadocLinkTypeCompletionProposal' ('{@link RMICustomMaxStreamFormat} - org.omg.IOP'). Returning original proposal instead.
2016-04-27 16:27:04,880 [main] WARN  o.e.r.c.r.p.ProcessableProposalFactory - Unknown JDT proposal type 'class org.eclipse.jdt.internal.ui.text.javadoc.JavadocLinkTypeCompletionProposal' ('{@link RuleBasedCollator} - java.text'). Returning original proposal instead.
2016-04-27 16:27:04,883 [main] WARN  o.e.r.c.r.p.ProcessableProposalFactory - Unknown JDT proposal type 'class org.eclipse.jdt.internal.ui.text.javadoc.JavadocLinkTypeCompletionProposal' ('{@link RSAPublicKeySpec} - java.security.spec'). Returning original proposal instead.
2016-04-27 16:27:04,885 [main] WARN  o.e.r.c.r.p.ProcessableProposalFactory - Unknown JDT proposal type 'class org.eclipse.jdt.internal.ui.text.javadoc.JavadocLinkTypeCompletionProposal' ('{@link ReflectionException} - javax.management'). Returning original proposal instead.
2016-04-27 16:27:04,890 [main] WARN  o.e.r.c.r.p.ProcessableProposalFactory - Unknown JDT proposal type 'class org.eclipse.jdt.internal.ui.text.javadoc.JavadocLinkTypeCompletionProposal' ('{@link RowSetMetaDataImpl} - javax.sql.rowset'). Returning original proposal instead.
2016-04-27 16:27:04,893 [main] WARN  o.e.r.c.r.p.ProcessableProposalFactory - Unknown JDT proposal type 'class org.eclipse.jdt.internal.ui.text.javadoc.JavadocLinkTypeCompletionProposal' ('{@link RenderableImageProducer} - java.awt.image.renderable'). Returning original proposal instead.
2016-04-27 16:27:04,896 [main] WARN  o.e.r.c.r.p.ProcessableProposalFactory - Unknown JDT proposal type 'class org.eclipse.jdt.internal.ui.text.javadoc.JavadocLinkTypeCompletionProposal' ('{@link RowSetProvider} - javax.sql.rowset'). Returning original proposal instead.
2016-04-27 16:27:04,898 [main] WARN  o.e.r.c.r.p.ProcessableProposalFactory - Unknown JDT proposal type 'class org.eclipse.jdt.internal.ui.text.javadoc.JavadocLinkTypeCompletionProposal' ('{@link RelationService} - javax.management.relation'). Returning original proposal instead.
2016-04-27 16:27:04,900 [main] WARN  o.e.r.c.r.p.ProcessableProposalFactory - Unknown JDT proposal type 'class org.eclipse.jdt.internal.ui.text.javadoc.JavadocLinkTypeCompletionProposal' ('{@link Role} - javax.management.relation'). Returning original proposal instead.
2016-04-27 16:27:04,903 [main] WARN  o.e.r.c.r.p.ProcessableProposalFactory - Unknown JDT proposal type 'class org.eclipse.jdt.internal.ui.text.javadoc.JavadocLinkTypeCompletionProposal' ('{@link RootPaneContainer} - javax.swing'). Returning original proposal instead.
2016-04-27 16:27:04,905 [main] WARN  o.e.r.c.r.p.ProcessableProposalFactory - Unknown JDT proposal type 'class org.eclipse.jdt.internal.ui.text.javadoc.JavadocLinkTypeCompletionProposal' ('{@link RealmChoiceCallback} - javax.security.sasl'). Returning original proposal instead.
2016-04-27 16:27:04,910 [main] WARN  o.e.r.c.r.p.ProcessableProposalFactory - Unknown JDT proposal type 'class org.eclipse.jdt.internal.ui.text.javadoc.JavadocLinkTypeCompletionProposal' ('{@link Resolver} - javax.naming.spi'). Returning original proposal instead.
2016-04-27 16:27:04,913 [main] WARN  o.e.r.c.r.p.ProcessableProposalFactory - Unknown JDT proposal type 'class org.eclipse.jdt.internal.ui.text.javadoc.JavadocLinkTypeCompletionProposal' ('{@link RMIConnector} - javax.management.remote.rmi'). Returning original proposal instead.
2016-04-27 16:27:04,915 [main] WARN  o.e.r.c.r.p.ProcessableProposalFactory - Unknown JDT proposal type 'class org.eclipse.jdt.internal.ui.text.javadoc.JavadocLinkTypeCompletionProposal' ('{@link ReadOnlyBufferException} - java.nio'). Returning original proposal instead.
2016-04-27 16:27:04,918 [main] WARN  o.e.r.c.r.p.ProcessableProposalFactory - Unknown JDT proposal type 'class org.eclipse.jdt.internal.ui.text.javadoc.JavadocLinkTypeCompletionProposal' ('{@link ReflectiveOperationException} - java.lang'). Returning original proposal instead.
2016-04-27 16:27:04,920 [main] WARN  o.e.r.c.r.p.ProcessableProposalFactory - Unknown JDT proposal type 'class org.eclipse.jdt.internal.ui.text.javadoc.JavadocLinkTypeCompletionProposal' ('{@link RecursiveAction} - java.util.concurrent'). Returning original proposal instead.
2016-04-27 16:27:04,926 [main] WARN  o.e.r.c.r.p.ProcessableProposalFactory - Unknown JDT proposal type 'class org.eclipse.jdt.internal.ui.text.javadoc.JavadocLinkTypeCompletionProposal' ('{@link RowView} - javax.swing.text.html.TableView'). Returning original proposal instead.
2016-04-27 16:27:04,929 [main] WARN  o.e.r.c.r.p.ProcessableProposalFactory - Unknown JDT proposal type 'class org.eclipse.jdt.internal.ui.text.javadoc.JavadocLinkTypeCompletionProposal' ('{@link ReadableByteChannel} - java.nio.channels'). Returning original proposal instead.
2016-04-27 16:27:04,932 [main] WARN  o.e.r.c.r.p.ProcessableProposalFactory - Unknown JDT proposal type 'class org.eclipse.jdt.internal.ui.text.javadoc.JavadocLinkTypeCompletionProposal' ('{@link RequestorType} - java.net.Authenticator'). Returning original proposal instead.
2016-04-27 16:27:04,934 [main] WARN  o.e.r.c.r.p.ProcessableProposalFactory - Unknown JDT proposal type 'class org.eclipse.jdt.internal.ui.text.javadoc.JavadocLinkTypeCompletionProposal' ('{@link RespectBinding} - javax.xml.ws'). Returning original proposal instead.
2016-04-27 16:27:04,937 [main] WARN  o.e.r.c.r.p.ProcessableProposalFactory - Unknown JDT proposal type 'class org.eclipse.jdt.internal.ui.text.javadoc.JavadocLinkTypeCompletionProposal' ('{@link RowSetWarning} - javax.sql.rowset'). Returning original proposal instead.
2016-04-27 16:27:04,940 [main] WARN  o.e.r.c.r.p.ProcessableProposalFactory - Unknown JDT proposal type 'class org.eclipse.jdt.internal.ui.text.javadoc.JavadocLinkTypeCompletionProposal' ('{@link ResponseWrapper} - javax.xml.ws'). Returning original proposal instead.
2016-04-27 16:27:04,944 [main] WARN  o.e.r.c.r.p.ProcessableProposalFactory - Unknown JDT proposal type 'class org.eclipse.jdt.internal.ui.text.javadoc.JavadocLinkTypeCompletionProposal' ('{@link RandomAccess} - java.util'). Returning original proposal instead.
2016-04-27 16:27:04,947 [main] WARN  o.e.r.c.r.p.ProcessableProposalFactory - Unknown JDT proposal type 'class org.eclipse.jdt.internal.ui.text.javadoc.JavadocLinkTypeCompletionProposal' ('{@link RuntimeMXBean} - java.lang.management'). Returning original proposal instead.
2016-04-27 16:27:04,949 [main] WARN  o.e.r.c.r.p.ProcessableProposalFactory - Unknown JDT proposal type 'class org.eclipse.jdt.internal.ui.text.javadoc.JavadocLinkTypeCompletionProposal' ('{@link RequestingUserName} - javax.print.attribute.standard'). Returning original proposal instead.
2016-04-27 16:27:04,951 [main] WARN  o.e.r.c.r.p.ProcessableProposalFactory - Unknown JDT proposal type 'class org.eclipse.jdt.internal.ui.text.javadoc.JavadocLinkTypeCompletionProposal' ('{@link READER} - javax.print.DocFlavor'). Returning original proposal instead.
2016-04-27 16:27:04,954 [main] WARN  o.e.r.c.r.p.ProcessableProposalFactory - Unknown JDT proposal type 'class org.eclipse.jdt.internal.ui.text.javadoc.JavadocLinkTypeCompletionProposal' ('{@link RelationNotFoundException} - javax.management.relation'). Returning original proposal instead.
2016-04-27 16:27:04,957 [main] WARN  o.e.r.c.r.p.ProcessableProposalFactory - Unknown JDT proposal type 'class org.eclipse.jdt.internal.ui.text.javadoc.JavadocLinkTypeCompletionProposal' ('{@link RelationNotification} - javax.management.relation'). Returning original proposal instead.
2016-04-27 16:27:04,961 [main] WARN  o.e.r.c.r.p.ProcessableProposalFactory - Unknown JDT proposal type 'class org.eclipse.jdt.internal.ui.text.javadoc.JavadocLinkTypeCompletionProposal' ('{@link RelationSupportMBean} - javax.management.relation'). Returning original proposal instead.
2016-04-27 16:27:04,963 [main] WARN  o.e.r.c.r.p.ProcessableProposalFactory - Unknown JDT proposal type 'class org.eclipse.jdt.internal.ui.text.javadoc.JavadocLinkTypeCompletionProposal' ('{@link RunElement} - javax.swing.text.html.HTMLDocument'). Returning original proposal instead.
2016-04-27 16:27:04,966 [main] WARN  o.e.r.c.r.p.ProcessableProposalFactory - Unknown JDT proposal type 'class org.eclipse.jdt.internal.ui.text.javadoc.JavadocLinkTypeCompletionProposal' ('{@link RefreshFailedException} - javax.security.auth'). Returning original proposal instead.
2016-04-27 16:27:04,969 [main] WARN  o.e.r.c.r.p.ProcessableProposalFactory - Unknown JDT proposal type 'class org.eclipse.jdt.internal.ui.text.javadoc.JavadocLinkTypeCompletionProposal' ('{@link RangeException} - org.w3c.dom.ranges'). Returning original proposal instead.
2016-04-27 16:27:04,972 [main] WARN  o.e.r.c.r.p.ProcessableProposalFactory - Unknown JDT proposal type 'class org.eclipse.jdt.internal.ui.text.javadoc.JavadocLinkTypeCompletionProposal' ('{@link Rectangle} - java.awt'). Returning original proposal instead.
2016-04-27 16:27:04,976 [main] WARN  o.e.r.c.r.p.ProcessableProposalFactory - Unknown JDT proposal type 'class org.eclipse.jdt.internal.ui.text.javadoc.JavadocLinkTypeCompletionProposal' ('{@link ResourceBundle} - java.util'). Returning original proposal instead.
2016-04-27 16:27:04,979 [main] WARN  o.e.r.c.r.p.ProcessableProposalFactory - Unknown JDT proposal type 'class org.eclipse.jdt.internal.ui.text.javadoc.JavadocLinkTypeCompletionProposal' ('{@link RescaleOp} - java.awt.image'). Returning original proposal instead.
2016-04-27 16:27:04,981 [main] WARN  o.e.r.c.r.p.ProcessableProposalFactory - Unknown JDT proposal type 'class org.eclipse.jdt.internal.ui.text.javadoc.JavadocLinkTypeCompletionProposal' ('{@link ReadLock} - java.util.concurrent.locks.ReentrantReadWriteLock'). Returning original proposal instead.
2016-04-27 16:27:04,984 [main] WARN  o.e.r.c.r.p.ProcessableProposalFactory - Unknown JDT proposal type 'class org.eclipse.jdt.internal.ui.text.javadoc.JavadocLinkTypeCompletionProposal' ('{@link RoleUnresolved} - javax.management.relation'). Returning original proposal instead.
2016-04-27 16:27:04,987 [main] WARN  o.e.r.c.r.p.ProcessableProposalFactory - Unknown JDT proposal type 'class org.eclipse.jdt.internal.ui.text.javadoc.JavadocLinkTypeCompletionProposal' ('{@link ResponseCache} - java.net'). Returning original proposal instead.
2016-04-27 16:27:04,990 [main] WARN  o.e.r.c.r.p.ProcessableProposalFactory - Unknown JDT proposal type 'class org.eclipse.jdt.internal.ui.text.javadoc.JavadocLinkTypeCompletionProposal' ('{@link RoundRectangle2D} - java.awt.geom'). Returning original proposal instead.
2016-04-27 16:27:04,994 [main] WARN  o.e.r.c.r.p.ProcessableProposalFactory - Unknown JDT proposal type 'class org.eclipse.jdt.internal.ui.text.javadoc.JavadocLinkTypeCompletionProposal' ('{@link RowFilter} - javax.swing'). Returning original proposal instead.
2016-04-27 16:27:04,997 [main] WARN  o.e.r.c.r.p.ProcessableProposalFactory - Unknown JDT proposal type 'class org.eclipse.jdt.internal.ui.text.javadoc.JavadocLinkTypeCompletionProposal' ('{@link RC5ParameterSpec} - javax.crypto.spec'). Returning original proposal instead.
2016-04-27 16:27:04,999 [main] WARN  o.e.r.c.r.p.ProcessableProposalFactory - Unknown JDT proposal type 'class org.eclipse.jdt.internal.ui.text.javadoc.JavadocLinkTypeCompletionProposal' ('{@link RequestWrapper} - javax.xml.ws'). Returning original proposal instead.
2016-04-27 16:27:05,002 [main] WARN  o.e.r.c.r.p.ProcessableProposalFactory - Unknown JDT proposal type 'class org.eclipse.jdt.internal.ui.text.javadoc.JavadocLinkTypeCompletionProposal' ('{@link Range} - org.w3c.dom.ranges'). Returning original proposal instead.
2016-04-27 16:27:05,006 [main] WARN  o.e.r.c.r.p.ProcessableProposalFactory - Unknown JDT proposal type 'class org.eclipse.jdt.internal.ui.text.javadoc.JavadocLinkTypeCompletionProposal' ('{@link RoundEnvironment} - javax.annotation.processing'). Returning original proposal instead.
2016-04-27 16:27:05,009 [main] WARN  o.e.r.c.r.p.ProcessableProposalFactory - Unknown JDT proposal type 'class org.eclipse.jdt.internal.ui.text.javadoc.JavadocLinkTypeCompletionProposal' ('{@link Remote} - java.rmi'). Returning original proposal instead.
2016-04-27 16:27:05,012 [main] WARN  o.e.r.c.r.p.ProcessableProposalFactory - Unknown JDT proposal type 'class org.eclipse.jdt.internal.ui.text.javadoc.JavadocLinkTypeCompletionProposal' ('{@link RadialGradientPaint} - java.awt'). Returning original proposal instead.
2016-04-27 16:27:05,014 [main] WARN  o.e.r.c.r.p.ProcessableProposalFactory - Unknown JDT proposal type 'class org.eclipse.jdt.internal.ui.text.javadoc.JavadocLinkTypeCompletionProposal' ('{@link RunnableFuture} - java.util.concurrent'). Returning original proposal instead.
2016-04-27 16:27:05,017 [main] WARN  o.e.r.c.r.p.ProcessableProposalFactory - Unknown JDT proposal type 'class org.eclipse.jdt.internal.ui.text.javadoc.JavadocLinkTypeCompletionProposal' ('{@link RequestProcessingPolicy} - org.omg.PortableServer'). Returning original proposal instead.
2016-04-27 16:27:05,020 [main] WARN  o.e.r.c.r.p.ProcessableProposalFactory - Unknown JDT proposal type 'class org.eclipse.jdt.internal.ui.text.javadoc.JavadocLinkTypeCompletionProposal' ('{@link RSAOtherPrimeInfo} - java.security.spec'). Returning original proposal instead.
2016-04-27 16:27:05,022 [main] WARN  o.e.r.c.r.p.ProcessableProposalFactory - Unknown JDT proposal type 'class org.eclipse.jdt.internal.ui.text.javadoc.JavadocLinkTypeCompletionProposal' ('{@link RMIFailureHandler} - java.rmi.server'). Returning original proposal instead.
2016-04-27 16:27:05,025 [main] WARN  o.e.r.c.r.p.ProcessableProposalFactory - Unknown JDT proposal type 'class org.eclipse.jdt.internal.ui.text.javadoc.JavadocLinkTypeCompletionProposal' ('{@link RealmCallback} - javax.security.sasl'). Returning original proposal instead.
2016-04-27 16:27:05,028 [main] WARN  o.e.r.c.r.p.ProcessableProposalFactory - Unknown JDT proposal type 'class org.eclipse.jdt.internal.ui.text.javadoc.JavadocLinkTypeCompletionProposal' ('{@link RelationTypeNotFoundException} - javax.management.relation'). Returning original proposal instead.
2016-04-27 16:27:05,031 [main] WARN  o.e.r.c.r.p.ProcessableProposalFactory - Unknown JDT proposal type 'class org.eclipse.jdt.internal.ui.text.javadoc.JavadocLinkTypeCompletionProposal' ('{@link RemarshalException} - org.omg.CORBA.portable'). Returning original proposal instead.
2016-04-27 16:27:05,034 [main] WARN  o.e.r.c.r.p.ProcessableProposalFactory - Unknown JDT proposal type 'class org.eclipse.jdt.internal.ui.text.javadoc.JavadocLinkTypeCompletionProposal' ('{@link RemoteStub} - java.rmi.server'). Returning original proposal instead.
2016-04-27 16:27:05,036 [main] WARN  o.e.r.c.r.p.ProcessableProposalFactory - Unknown JDT proposal type 'class org.eclipse.jdt.internal.ui.text.javadoc.JavadocLinkTypeCompletionProposal' ('{@link RSAPrivateCrtKeySpec} - java.security.spec'). Returning original proposal instead.
2016-04-27 16:27:05,039 [main] WARN  o.e.r.c.r.p.ProcessableProposalFactory - Unknown JDT proposal type 'class org.eclipse.jdt.internal.ui.text.javadoc.JavadocLinkTypeCompletionProposal' ('{@link RemoteObject} - java.rmi.server'). Returning original proposal instead.
2016-04-27 16:27:05,043 [main] WARN  o.e.r.c.r.p.ProcessableProposalFactory - Unknown JDT proposal type 'class org.eclipse.jdt.internal.ui.text.javadoc.JavadocLinkTypeCompletionProposal' ('{@link ResolutionSyntax} - javax.print.attribute'). Returning original proposal instead.
2016-04-27 16:27:05,045 [main] WARN  o.e.r.c.r.p.ProcessableProposalFactory - Unknown JDT proposal type 'class org.eclipse.jdt.internal.ui.text.javadoc.JavadocLinkTypeCompletionProposal' ('{@link RMIServerSocketFactory} - java.rmi.server'). Returning original proposal instead.
2016-04-27 16:27:05,048 [main] WARN  o.e.r.c.r.p.ProcessableProposalFactory - Unknown JDT proposal type 'class org.eclipse.jdt.internal.ui.text.javadoc.JavadocLinkTypeCompletionProposal' ('{@link RejectedExecutionHandler} - java.util.concurrent'). Returning original proposal instead.
2016-04-27 16:27:05,050 [main] WARN  o.e.r.c.r.p.ProcessableProposalFactory - Unknown JDT proposal type 'class org.eclipse.jdt.internal.ui.text.javadoc.JavadocLinkTypeCompletionProposal' ('{@link ReentrantLock} - java.util.concurrent.locks'). Returning original proposal instead.
2016-04-27 16:27:05,053 [main] WARN  o.e.r.c.r.p.ProcessableProposalFactory - Unknown JDT proposal type 'class org.eclipse.jdt.internal.ui.text.javadoc.JavadocLinkTypeCompletionProposal' ('{@link Resource} - javax.annotation'). Returning original proposal instead.
2016-04-27 16:27:05,055 [main] WARN  o.e.r.c.r.p.ProcessableProposalFactory - Unknown JDT proposal type 'class org.eclipse.jdt.internal.ui.text.javadoc.JavadocLinkTypeCompletionProposal' ('{@link RemoteRef} - java.rmi.server'). Returning original proposal instead.
2016-04-27 16:27:05,058 [main] WARN  o.e.r.c.r.p.ProcessableProposalFactory - Unknown JDT proposal type 'class org.eclipse.jdt.internal.ui.text.javadoc.JavadocLinkTypeCompletionProposal' ('{@link Reason} - java.security.cert.CertPathValidatorException'). Returning original proposal instead.
2016-04-27 16:27:05,060 [main] WARN  o.e.r.c.r.p.ProcessableProposalFactory - Unknown JDT proposal type 'class org.eclipse.jdt.internal.ui.text.javadoc.JavadocLinkTypeCompletionProposal' ('{@link RoleNotFoundException} - javax.management.relation'). Returning original proposal instead.
2016-04-27 16:27:05,063 [main] WARN  o.e.r.c.r.p.ProcessableProposalFactory - Unknown JDT proposal type 'class org.eclipse.jdt.internal.ui.text.javadoc.JavadocLinkTypeCompletionProposal' ('{@link ReentrantReadWriteLock} - java.util.concurrent.locks'). Returning original proposal instead.
2016-04-27 16:27:05,065 [main] WARN  o.e.r.c.r.p.ProcessableProposalFactory - Unknown JDT proposal type 'class org.eclipse.jdt.internal.ui.text.javadoc.JavadocLinkTypeCompletionProposal' ('{@link RootPaneUI} - javax.swing.plaf'). Returning original proposal instead.
2016-04-27 16:27:05,069 [main] WARN  o.e.r.c.r.p.ProcessableProposalFactory - Unknown JDT proposal type 'class org.eclipse.jdt.internal.ui.text.javadoc.JavadocLinkTypeCompletionProposal' ('{@link RequiredModelMBean} - javax.management.modelmbean'). Returning original proposal instead.
2016-04-27 16:27:05,072 [main] WARN  o.e.r.c.r.p.ProcessableProposalFactory - Unknown JDT proposal type 'class org.eclipse.jdt.internal.ui.text.javadoc.JavadocLinkTypeCompletionProposal' ('{@link RTFEditorKit} - javax.swing.text.rtf'). Returning original proposal instead.
2016-04-27 16:27:05,074 [main] WARN  o.e.r.c.r.p.ProcessableProposalFactory - Unknown JDT proposal type 'class org.eclipse.jdt.internal.ui.text.javadoc.JavadocLinkTypeCompletionProposal' ('{@link RequestProcessingPolicyOperations} - org.omg.PortableServer'). Returning original proposal instead.
2016-04-27 16:27:05,077 [main] WARN  o.e.r.c.r.p.ProcessableProposalFactory - Unknown JDT proposal type 'class org.eclipse.jdt.internal.ui.text.javadoc.JavadocLinkTypeCompletionProposal' ('{@link RemoteException} - java.rmi'). Returning original proposal instead.
2016-04-27 16:27:05,079 [main] WARN  o.e.r.c.r.p.ProcessableProposalFactory - Unknown JDT proposal type 'class org.eclipse.jdt.internal.ui.text.javadoc.JavadocLinkTypeCompletionProposal' ('{@link ReverbType} - javax.sound.sampled'). Returning original proposal instead.
2016-04-27 16:27:05,081 [main] WARN  o.e.r.c.r.p.ProcessableProposalFactory - Unknown JDT proposal type 'class org.eclipse.jdt.internal.ui.text.javadoc.JavadocLinkTypeCompletionProposal' ('{@link Referenceable} - javax.naming'). Returning original proposal instead.
2016-04-27 16:27:05,085 [main] WARN  o.e.r.c.r.p.ProcessableProposalFactory - Unknown JDT proposal type 'class org.eclipse.jdt.internal.ui.text.javadoc.JavadocLinkTypeCompletionProposal' ('{@link RMIClassLoaderSpi} - java.rmi.server'). Returning original proposal instead.
2016-04-27 16:27:05,087 [main] WARN  o.e.r.c.r.p.ProcessableProposalFactory - Unknown JDT proposal type 'class org.eclipse.jdt.internal.ui.text.javadoc.JavadocLinkTypeCompletionProposal' ('{@link RoleResult} - javax.management.relation'). Returning original proposal instead.
2016-04-27 16:27:05,089 [main] WARN  o.e.r.c.r.p.ProcessableProposalFactory - Unknown JDT proposal type 'class org.eclipse.jdt.internal.ui.text.javadoc.JavadocLinkTypeCompletionProposal' ('{@link Runnable} - java.lang'). Returning original proposal instead.
2016-04-27 16:27:05,092 [main] WARN  o.e.r.c.r.p.ProcessableProposalFactory - Unknown JDT proposal type 'class org.eclipse.jdt.internal.ui.text.javadoc.JavadocLinkTypeCompletionProposal' ('{@link RenderedImage} - java.awt.image'). Returning original proposal instead.
2016-04-27 16:27:05,094 [main] WARN  o.e.r.c.r.p.ProcessableProposalFactory - Unknown JDT proposal type 'class org.eclipse.jdt.internal.ui.text.javadoc.JavadocLinkTypeCompletionProposal' ('{@link RecursiveTask} - java.util.concurrent'). Returning original proposal instead.
2016-04-27 16:27:05,097 [main] WARN  o.e.r.c.r.p.ProcessableProposalFactory - Unknown JDT proposal type 'class org.eclipse.jdt.internal.ui.text.javadoc.JavadocLinkTypeCompletionProposal' ('{@link Rect} - org.w3c.dom.css'). Returning original proposal instead.
2016-04-27 16:27:05,100 [main] WARN  o.e.r.c.r.p.ProcessableProposalFactory - Unknown JDT proposal type 'class org.eclipse.jdt.internal.ui.text.javadoc.JavadocLinkTypeCompletionProposal' ('{@link RMIClassLoader} - java.rmi.server'). Returning original proposal instead.
2016-04-27 16:27:05,103 [main] WARN  o.e.r.c.r.p.ProcessableProposalFactory - Unknown JDT proposal type 'class org.eclipse.jdt.internal.ui.text.javadoc.JavadocLinkTypeCompletionProposal' ('{@link Registry} - java.rmi.registry'). Returning original proposal instead.
2016-04-27 16:27:05,105 [main] WARN  o.e.r.c.r.p.ProcessableProposalFactory - Unknown JDT proposal type 'class org.eclipse.jdt.internal.ui.text.javadoc.JavadocLinkTypeCompletionProposal' ('{@link RMIServer} - javax.management.remote.rmi'). Returning original proposal instead.
2016-04-27 16:27:05,107 [main] WARN  o.e.r.c.r.p.ProcessableProposalFactory - Unknown JDT proposal type 'class org.eclipse.jdt.internal.ui.text.javadoc.JavadocLinkTypeCompletionProposal' ('{@link RelationSupport} - javax.management.relation'). Returning original proposal instead.
2016-04-27 16:27:05,111 [main] WARN  o.e.r.c.r.p.ProcessableProposalFactory - Unknown JDT proposal type 'class org.eclipse.jdt.internal.ui.text.javadoc.JavadocLinkTypeCompletionProposal' ('{@link RenderContext} - java.awt.image.renderable'). Returning original proposal instead.
2016-04-27 16:27:05,113 [main] WARN  o.e.r.c.r.p.ProcessableProposalFactory - Unknown JDT proposal type 'class org.eclipse.jdt.internal.ui.text.javadoc.JavadocLinkTypeCompletionProposal' ('{@link RelationException} - javax.management.relation'). Returning original proposal instead.
2016-04-27 16:27:05,115 [main] WARN  o.e.r.c.r.p.ProcessableProposalFactory - Unknown JDT proposal type 'class org.eclipse.jdt.internal.ui.text.javadoc.JavadocLinkTypeCompletionProposal' ('{@link RMISecurityException} - java.rmi'). Returning original proposal instead.
2016-04-27 16:27:05,118 [main] WARN  o.e.r.c.r.p.ProcessableProposalFactory - Unknown JDT proposal type 'class org.eclipse.jdt.internal.ui.text.javadoc.JavadocLinkTypeCompletionProposal' ('{@link RequestProcessingPolicyValue} - org.omg.PortableServer'). Returning original proposal instead.
2016-04-27 16:27:05,121 [main] WARN  o.e.r.c.r.p.ProcessableProposalFactory - Unknown JDT proposal type 'class org.eclipse.jdt.internal.ui.text.javadoc.JavadocLinkTypeCompletionProposal' ('{@link RegistryHandler} - java.rmi.registry'). Returning original proposal instead.
2016-04-27 16:27:05,125 [main] WARN  o.e.r.c.r.p.ProcessableProposalFactory - Unknown JDT proposal type 'class org.eclipse.jdt.internal.ui.text.javadoc.JavadocLinkTypeCompletionProposal' ('{@link RuntimeMBeanException} - javax.management'). Returning original proposal instead.
2016-04-27 16:27:05,129 [main] WARN  o.e.r.c.r.p.ProcessableProposalFactory - Unknown JDT proposal type 'class org.eclipse.jdt.internal.ui.text.javadoc.JavadocLinkTypeCompletionProposal' ('{@link ReadPendingException} - java.nio.channels'). Returning original proposal instead.
2016-04-27 16:27:05,134 [main] WARN  o.e.r.c.r.p.ProcessableProposalFactory - Unknown JDT proposal type 'class org.eclipse.jdt.internal.ui.text.javadoc.JavadocLinkTypeCompletionProposal' ('{@link RMIIIOPServerImpl} - javax.management.remote.rmi'). Returning original proposal instead.
2016-04-27 16:27:05,154 [main] WARN  o.e.r.c.r.p.ProcessableProposalFactory - Unknown JDT proposal type 'class org.eclipse.jdt.internal.ui.text.javadoc.JavadocLinkTypeCompletionProposal' ('{@link RowSetEvent} - javax.sql'). Returning original proposal instead.
2016-04-27 16:27:05,159 [main] WARN  o.e.r.c.r.p.ProcessableProposalFactory - Unknown JDT proposal type 'class org.eclipse.jdt.internal.ui.text.javadoc.JavadocLinkTypeCompletionProposal' ('{@link ReferralException} - javax.naming'). Returning original proposal instead.
2016-04-27 16:27:05,162 [main] WARN  o.e.r.c.r.p.ProcessableProposalFactory - Unknown JDT proposal type 'class org.eclipse.jdt.internal.ui.text.javadoc.JavadocLinkTypeCompletionProposal' ('{@link RelationTypeSupport} - javax.management.relation'). Returning original proposal instead.
2016-04-27 16:27:05,184 [main] WARN  o.e.r.c.r.p.ProcessableProposalFactory - Unknown JDT proposal type 'class org.eclipse.jdt.internal.ui.text.javadoc.JavadocLinkTypeCompletionProposal' ('{@link RelationServiceMBean} - javax.management.relation'). Returning original proposal instead.
2016-04-27 16:27:05,188 [main] WARN  o.e.r.c.r.p.ProcessableProposalFactory - Unknown JDT proposal type 'class org.eclipse.jdt.internal.ui.text.javadoc.JavadocLinkTypeCompletionProposal' ('{@link RSAKeyGenParameterSpec} - java.security.spec'). Returning original proposal instead.
2016-04-27 16:27:05,192 [main] WARN  o.e.r.c.r.p.ProcessableProposalFactory - Unknown JDT proposal type 'class org.eclipse.jdt.internal.ui.text.javadoc.JavadocLinkTypeCompletionProposal' ('{@link RasterOp} - java.awt.image'). Returning original proposal instead.
2016-04-27 16:27:05,195 [main] WARN  o.e.r.c.r.p.ProcessableProposalFactory - Unknown JDT proposal type 'class org.eclipse.jdt.internal.ui.text.javadoc.JavadocLinkTypeCompletionProposal' ('{@link Reader} - java.io'). Returning original proposal instead.
2016-04-27 16:27:05,199 [main] WARN  o.e.r.c.r.p.ProcessableProposalFactory - Unknown JDT proposal type 'class org.eclipse.jdt.internal.ui.text.javadoc.JavadocLinkTypeCompletionProposal' ('{@link RobotPeer} - java.awt.peer'). Returning original proposal instead.
2016-04-27 16:27:05,202 [main] WARN  o.e.r.c.r.p.ProcessableProposalFactory - Unknown JDT proposal type 'class org.eclipse.jdt.internal.ui.text.javadoc.JavadocLinkTypeCompletionProposal' ('{@link RemoteObjectInvocationHandler} - java.rmi.server'). Returning original proposal instead.
2016-04-27 16:27:05,207 [main] WARN  o.e.r.c.r.p.ProcessableProposalFactory - Unknown JDT proposal type 'class org.eclipse.jdt.internal.ui.text.javadoc.JavadocLinkTypeCompletionProposal' ('{@link RSAMultiPrimePrivateCrtKeySpec} - java.security.spec'). Returning original proposal instead.
2016-04-27 16:27:05,211 [main] WARN  o.e.r.c.r.p.ProcessableProposalFactory - Unknown JDT proposal type 'class org.eclipse.jdt.internal.ui.text.javadoc.JavadocLinkTypeCompletionProposal' ('{@link RSAPrivateKeySpec} - java.security.spec'). Returning original proposal instead.
